[2023-09-21 07:01:01.240] [jointLog] [info] setting maxHashResizeThreads to 20
[2023-09-21 07:01:01.240] [jointLog] [info] Fragment incompatibility prior below threshold.  Incompatible fragments will be ignored.
[2023-09-21 07:01:01.240] [jointLog] [info] Usage of --validateMappings implies use of minScoreFraction. Since not explicitly specified, it is being set to 0.65
[2023-09-21 07:01:01.240] [jointLog] [info] Setting consensusSlack to selective-alignment default of 0.35.
[2023-09-21 07:01:01.240] [jointLog] [info] parsing read library format
[2023-09-21 07:01:01.240] [jointLog] [info] There is 1 library.
[2023-09-21 07:01:01.241] [jointLog] [info] Loading pufferfish index
[2023-09-21 07:01:01.241] [jointLog] [info] Loading dense pufferfish index.
[2023-09-21 07:01:01.701] [jointLog] [info] done
[2023-09-21 07:01:01.740] [jointLog] [info] Index contained 191,492 targets
[2023-09-21 07:01:01.791] [jointLog] [info] Number of decoys : 0
[2023-09-21 07:01:02.452] [jointLog] [info] Automatically detected most likely library type as IU

[2023-09-21 07:01:20.345] [jointLog] [info] Computed 74,227 rich equivalence classes for further processing
[2023-09-21 07:01:20.345] [jointLog] [info] Counted 4,478,111 total reads in the equivalence classes 
[2023-09-21 07:01:20.354] [jointLog] [info] Number of mappings discarded because of alignment score : 983,431
[2023-09-21 07:01:20.354] [jointLog] [info] Number of fragments entirely discarded because of alignment score : 174,663
[2023-09-21 07:01:20.354] [jointLog] [info] Number of fragments discarded because they are best-mapped to decoys : 0
[2023-09-21 07:01:20.354] [jointLog] [info] Number of fragments discarded because they have only dovetail (discordant) mappings to valid targets : 116,629
[2023-09-21 07:01:20.379] [jointLog] [warning] Only 4478111 fragments were mapped, but the number of burn-in fragments was set to 5000000.
The effective lengths have been computed using the observed mappings.

[2023-09-21 07:01:20.379] [jointLog] [info] Mapping rate = 96.0655%

[2023-09-21 07:01:20.379] [jointLog] [info] finished quantifyLibrary()
[2023-09-21 07:01:20.380] [jointLog] [info] Starting optimizer
[2023-09-21 07:01:20.346] [fileLog] [info] 
At end of round 0
==================
Observed 4661519 total fragments (4661519 in most recent round)

[2023-09-21 07:01:20.463] [jointLog] [info] Marked 0 weighted equivalence classes as degenerate
[2023-09-21 07:01:20.474] [jointLog] [info] iteration = 0 | max rel diff. = 2123.73
[2023-09-21 07:01:21.428] [jointLog] [info] iteration = 100 | max rel diff. = 6.25109
[2023-09-21 07:01:22.398] [jointLog] [info] iteration = 200 | max rel diff. = 1.12958
[2023-09-21 07:01:23.387] [jointLog] [info] iteration = 300 | max rel diff. = 13.3335
[2023-09-21 07:01:24.336] [jointLog] [info] iteration = 400 | max rel diff. = 0.0860902
[2023-09-21 07:01:24.737] [jointLog] [info] iteration = 443 | max rel diff. = 0.00343926
[2023-09-21 07:01:24.769] [jointLog] [info] Finished optimizer
[2023-09-21 07:01:24.769] [jointLog] [info] writing output 

