[2023-09-21 07:00:31.166] [jointLog] [info] setting maxHashResizeThreads to 20
[2023-09-21 07:00:31.166] [jointLog] [info] Fragment incompatibility prior below threshold.  Incompatible fragments will be ignored.
[2023-09-21 07:00:31.166] [jointLog] [info] Usage of --validateMappings implies use of minScoreFraction. Since not explicitly specified, it is being set to 0.65
[2023-09-21 07:00:31.166] [jointLog] [info] Setting consensusSlack to selective-alignment default of 0.35.
[2023-09-21 07:00:31.166] [jointLog] [info] parsing read library format
[2023-09-21 07:00:31.166] [jointLog] [info] There is 1 library.
[2023-09-21 07:00:31.167] [jointLog] [info] Loading pufferfish index
[2023-09-21 07:00:31.168] [jointLog] [info] Loading dense pufferfish index.
[2023-09-21 07:00:31.693] [jointLog] [info] done
[2023-09-21 07:00:31.736] [jointLog] [info] Index contained 191,492 targets
[2023-09-21 07:00:31.790] [jointLog] [info] Number of decoys : 0
[2023-09-21 07:00:32.521] [jointLog] [info] Automatically detected most likely library type as IU

[2023-09-21 07:01:01.855] [fileLog] [info] 
At end of round 0
==================
Observed 7998802 total fragments (7998802 in most recent round)

[2023-09-21 07:01:01.855] [jointLog] [info] Computed 114,270 rich equivalence classes for further processing
[2023-09-21 07:01:01.855] [jointLog] [info] Counted 7,631,280 total reads in the equivalence classes 
[2023-09-21 07:01:01.863] [jointLog] [info] Number of mappings discarded because of alignment score : 1,770,701
[2023-09-21 07:01:01.863] [jointLog] [info] Number of fragments entirely discarded because of alignment score : 350,496
[2023-09-21 07:01:01.863] [jointLog] [info] Number of fragments discarded because they are best-mapped to decoys : 0
[2023-09-21 07:01:01.863] [jointLog] [info] Number of fragments discarded because they have only dovetail (discordant) mappings to valid targets : 216,664
[2023-09-21 07:01:01.863] [jointLog] [info] Mapping rate = 95.4053%

[2023-09-21 07:01:01.863] [jointLog] [info] finished quantifyLibrary()
[2023-09-21 07:01:01.996] [jointLog] [info] Starting optimizer
[2023-09-21 07:01:02.083] [jointLog] [info] Marked 0 weighted equivalence classes as degenerate
[2023-09-21 07:01:02.095] [jointLog] [info] iteration = 0 | max rel diff. = 3372.52
[2023-09-21 07:01:03.120] [jointLog] [info] iteration = 100 | max rel diff. = 12.1361
[2023-09-21 07:01:04.138] [jointLog] [info] iteration = 200 | max rel diff. = 0.555645
[2023-09-21 07:01:05.191] [jointLog] [info] iteration = 300 | max rel diff. = 2.99003
[2023-09-21 07:01:06.212] [jointLog] [info] iteration = 400 | max rel diff. = 0.13758
[2023-09-21 07:01:07.231] [jointLog] [info] iteration = 500 | max rel diff. = 0.727071
[2023-09-21 07:01:08.247] [jointLog] [info] iteration = 600 | max rel diff. = 0.300239
[2023-09-21 07:01:09.261] [jointLog] [info] iteration = 700 | max rel diff. = 0.166728
[2023-09-21 07:01:09.892] [jointLog] [info] iteration = 763 | max rel diff. = 0.00769657
[2023-09-21 07:01:09.923] [jointLog] [info] Finished optimizer
[2023-09-21 07:01:09.923] [jointLog] [info] writing output 

