[2024-03-04 12:54:46.875] [jointLog] [info] setting maxHashResizeThreads to 20
[2024-03-04 12:54:46.875] [jointLog] [info] Fragment incompatibility prior below threshold.  Incompatible fragments will be ignored.
[2024-03-04 12:54:46.875] [jointLog] [info] Usage of --validateMappings implies use of minScoreFraction. Since not explicitly specified, it is being set to 0.65
[2024-03-04 12:54:46.875] [jointLog] [info] Setting consensusSlack to selective-alignment default of 0.35.
[2024-03-04 12:54:46.875] [jointLog] [info] parsing read library format
[2024-03-04 12:54:46.875] [jointLog] [info] There is 1 library.
[2024-03-04 12:54:46.875] [jointLog] [info] Loading pufferfish index
[2024-03-04 12:54:46.875] [jointLog] [info] Loading dense pufferfish index.
[2024-03-04 12:54:47.351] [jointLog] [info] done
[2024-03-04 12:54:47.430] [jointLog] [info] Index contained 191,492 targets
[2024-03-04 12:54:48.421] [jointLog] [info] Number of decoys : 0
[2024-03-04 12:54:50.160] [jointLog] [info] Automatically detected most likely library type as IU

[2024-03-04 13:03:49.588] [fileLog] [info] 
At end of round 0
==================
Observed 33716089 total fragments (33716089 in most recent round)

[2024-03-04 13:03:49.588] [jointLog] [info] Computed 141,105 rich equivalence classes for further processing
[2024-03-04 13:03:49.588] [jointLog] [info] Counted 14,525,354 total reads in the equivalence classes 
[2024-03-04 13:03:49.595] [jointLog] [info] Number of mappings discarded because of alignment score : 643,591,838
[2024-03-04 13:03:49.595] [jointLog] [info] Number of fragments entirely discarded because of alignment score : 9,965,805
[2024-03-04 13:03:49.595] [jointLog] [info] Number of fragments discarded because they are best-mapped to decoys : 0
[2024-03-04 13:03:49.595] [jointLog] [info] Number of fragments discarded because they have only dovetail (discordant) mappings to valid targets : 1,908,393
[2024-03-04 13:03:49.595] [jointLog] [info] Mapping rate = 43.0814%

[2024-03-04 13:03:49.595] [jointLog] [info] finished quantifyLibrary()
[2024-03-04 13:03:49.597] [jointLog] [info] Starting optimizer
[2024-03-04 13:03:49.703] [jointLog] [info] Marked 0 weighted equivalence classes as degenerate
[2024-03-04 13:03:49.716] [jointLog] [info] iteration = 0 | max rel diff. = 5344.38
[2024-03-04 13:03:49.831] [jointLog] [info] iteration 11, adjusting effective lengths to account for biases
[2024-03-04 13:03:55.286] [jointLog] [info] Computed expected counts (for bias correction)
[2024-03-04 13:03:55.286] [jointLog] [info] processed bias for 0.0% of the transcripts
[2024-03-04 13:03:55.659] [jointLog] [info] processed bias for 10.0% of the transcripts
[2024-03-04 13:03:56.080] [jointLog] [info] processed bias for 20.0% of the transcripts
[2024-03-04 13:03:56.505] [jointLog] [info] processed bias for 30.0% of the transcripts
[2024-03-04 13:03:56.958] [jointLog] [info] processed bias for 40.0% of the transcripts
[2024-03-04 13:03:57.368] [jointLog] [info] processed bias for 50.0% of the transcripts
[2024-03-04 13:03:57.916] [jointLog] [info] processed bias for 60.0% of the transcripts
[2024-03-04 13:03:58.269] [jointLog] [info] processed bias for 70.0% of the transcripts
[2024-03-04 13:03:58.838] [jointLog] [info] processed bias for 80.0% of the transcripts
[2024-03-04 13:03:59.321] [jointLog] [info] processed bias for 90.0% of the transcripts
[2024-03-04 13:04:01.361] [jointLog] [info] processed bias for 100.0% of the transcripts
[2024-03-04 13:04:02.335] [jointLog] [info] iteration = 100 | max rel diff. = 18.6862
[2024-03-04 13:04:03.406] [jointLog] [info] iteration = 200 | max rel diff. = 3.54148
[2024-03-04 13:04:04.477] [jointLog] [info] iteration = 300 | max rel diff. = 1.13616
[2024-03-04 13:04:05.547] [jointLog] [info] iteration = 400 | max rel diff. = 0.0156636
[2024-03-04 13:04:06.617] [jointLog] [info] iteration = 500 | max rel diff. = 1.23989
[2024-03-04 13:04:07.687] [jointLog] [info] iteration = 600 | max rel diff. = 2.20577
[2024-03-04 13:04:08.350] [jointLog] [info] iteration = 663 | max rel diff. = 0.00447761
[2024-03-04 13:04:08.388] [jointLog] [info] Finished optimizer
[2024-03-04 13:04:08.388] [jointLog] [info] writing output 

