[2023-09-21 07:00:57.816] [jointLog] [info] setting maxHashResizeThreads to 20
[2023-09-21 07:00:57.816] [jointLog] [info] Fragment incompatibility prior below threshold.  Incompatible fragments will be ignored.
[2023-09-21 07:00:57.816] [jointLog] [info] Usage of --validateMappings implies use of minScoreFraction. Since not explicitly specified, it is being set to 0.65
[2023-09-21 07:00:57.816] [jointLog] [info] Setting consensusSlack to selective-alignment default of 0.35.
[2023-09-21 07:00:57.816] [jointLog] [info] parsing read library format
[2023-09-21 07:00:57.816] [jointLog] [info] There is 1 library.
[2023-09-21 07:00:57.817] [jointLog] [info] Loading pufferfish index
[2023-09-21 07:00:57.817] [jointLog] [info] Loading dense pufferfish index.
[2023-09-21 07:00:58.274] [jointLog] [info] done
[2023-09-21 07:00:58.313] [jointLog] [info] Index contained 191,492 targets
[2023-09-21 07:00:58.362] [jointLog] [info] Number of decoys : 0
[2023-09-21 07:00:59.057] [jointLog] [info] Automatically detected most likely library type as IU

[2023-09-21 07:01:18.669] [jointLog] [info] Computed 69,930 rich equivalence classes for further processing
[2023-09-21 07:01:18.669] [jointLog] [info] Counted 5,092,684 total reads in the equivalence classes 
[2023-09-21 07:01:18.677] [jointLog] [info] Number of mappings discarded because of alignment score : 1,091,077
[2023-09-21 07:01:18.677] [jointLog] [info] Number of fragments entirely discarded because of alignment score : 194,034
[2023-09-21 07:01:18.677] [jointLog] [info] Number of fragments discarded because they are best-mapped to decoys : 0
[2023-09-21 07:01:18.677] [jointLog] [info] Number of fragments discarded because they have only dovetail (discordant) mappings to valid targets : 188,512
[2023-09-21 07:01:18.677] [jointLog] [info] Mapping rate = 95.9163%

[2023-09-21 07:01:18.677] [jointLog] [info] finished quantifyLibrary()
[2023-09-21 07:01:18.678] [jointLog] [info] Starting optimizer
[2023-09-21 07:01:18.756] [jointLog] [info] Marked 0 weighted equivalence classes as degenerate
[2023-09-21 07:01:18.767] [jointLog] [info] iteration = 0 | max rel diff. = 2383.84
[2023-09-21 07:01:18.669] [fileLog] [info] 
At end of round 0
==================
Observed 5309507 total fragments (5309507 in most recent round)

[2023-09-21 07:01:19.719] [jointLog] [info] iteration = 100 | max rel diff. = 8.0125
[2023-09-21 07:01:20.664] [jointLog] [info] iteration = 200 | max rel diff. = 0.717923
[2023-09-21 07:01:21.610] [jointLog] [info] iteration = 300 | max rel diff. = 0.253237
[2023-09-21 07:01:22.555] [jointLog] [info] iteration = 400 | max rel diff. = 0.0772837
[2023-09-21 07:01:23.500] [jointLog] [info] iteration = 500 | max rel diff. = 2.21112
[2023-09-21 07:01:23.670] [jointLog] [info] iteration = 519 | max rel diff. = 0.00889399
[2023-09-21 07:01:23.698] [jointLog] [info] Finished optimizer
[2023-09-21 07:01:23.698] [jointLog] [info] writing output 

