[2023-10-03 15:07:24.216] [jointLog] [info] setting maxHashResizeThreads to 20
[2023-10-03 15:07:24.216] [jointLog] [info] Fragment incompatibility prior below threshold.  Incompatible fragments will be ignored.
[2023-10-03 15:07:24.216] [jointLog] [info] Usage of --validateMappings implies use of minScoreFraction. Since not explicitly specified, it is being set to 0.65
[2023-10-03 15:07:24.216] [jointLog] [info] Setting consensusSlack to selective-alignment default of 0.35.
[2023-10-03 15:07:24.216] [jointLog] [info] parsing read library format
[2023-10-03 15:07:24.216] [jointLog] [info] There is 1 library.
[2023-10-03 15:07:24.252] [jointLog] [info] Loading pufferfish index
[2023-10-03 15:07:24.260] [jointLog] [info] Loading dense pufferfish index.
[2023-10-03 15:07:25.194] [jointLog] [info] done
[2023-10-03 15:07:25.232] [jointLog] [info] Index contained 191,492 targets
[2023-10-03 15:07:25.281] [jointLog] [info] Number of decoys : 0
[2023-10-03 15:07:26.625] [jointLog] [info] Automatically detected most likely library type as IU

[2023-10-03 15:12:30.604] [fileLog] [info] 
At end of round 0
==================
Observed 23640373 total fragments (23640373 in most recent round)

[2023-10-03 15:12:30.603] [jointLog] [info] Computed 126,851 rich equivalence classes for further processing
[2023-10-03 15:12:30.603] [jointLog] [info] Counted 14,163,735 total reads in the equivalence classes 
[2023-10-03 15:12:30.611] [jointLog] [info] Number of mappings discarded because of alignment score : 357,404,533
[2023-10-03 15:12:30.611] [jointLog] [info] Number of fragments entirely discarded because of alignment score : 5,274,638
[2023-10-03 15:12:30.611] [jointLog] [info] Number of fragments discarded because they are best-mapped to decoys : 0
[2023-10-03 15:12:30.611] [jointLog] [info] Number of fragments discarded because they have only dovetail (discordant) mappings to valid targets : 1,305,004
[2023-10-03 15:12:30.611] [jointLog] [info] Mapping rate = 59.9133%

[2023-10-03 15:12:30.611] [jointLog] [info] finished quantifyLibrary()
[2023-10-03 15:12:30.613] [jointLog] [info] Starting optimizer
[2023-10-03 15:12:30.713] [jointLog] [info] Marked 0 weighted equivalence classes as degenerate
[2023-10-03 15:12:30.724] [jointLog] [info] iteration = 0 | max rel diff. = 5271.62
[2023-10-03 15:12:31.784] [jointLog] [info] iteration = 100 | max rel diff. = 4.22313
[2023-10-03 15:12:32.841] [jointLog] [info] iteration = 200 | max rel diff. = 2.47167
[2023-10-03 15:12:33.897] [jointLog] [info] iteration = 300 | max rel diff. = 0.717184
[2023-10-03 15:12:34.955] [jointLog] [info] iteration = 400 | max rel diff. = 0.169661
[2023-10-03 15:12:36.012] [jointLog] [info] iteration = 500 | max rel diff. = 0.172322
[2023-10-03 15:12:37.068] [jointLog] [info] iteration = 600 | max rel diff. = 0.0644261
[2023-10-03 15:12:38.134] [jointLog] [info] iteration = 700 | max rel diff. = 0.031381
[2023-10-03 15:12:39.212] [jointLog] [info] iteration = 800 | max rel diff. = 1.99074
[2023-10-03 15:12:40.036] [jointLog] [info] iteration = 879 | max rel diff. = 0.00378689
[2023-10-03 15:12:40.071] [jointLog] [info] Finished optimizer
[2023-10-03 15:12:40.071] [jointLog] [info] writing output 

