[2023-10-03 15:14:15.737] [jointLog] [info] setting maxHashResizeThreads to 20
[2023-10-03 15:14:15.737] [jointLog] [info] Fragment incompatibility prior below threshold.  Incompatible fragments will be ignored.
[2023-10-03 15:14:15.737] [jointLog] [info] Usage of --validateMappings implies use of minScoreFraction. Since not explicitly specified, it is being set to 0.65
[2023-10-03 15:14:15.737] [jointLog] [info] Setting consensusSlack to selective-alignment default of 0.35.
[2023-10-03 15:14:15.737] [jointLog] [info] parsing read library format
[2023-10-03 15:14:15.737] [jointLog] [info] There is 1 library.
[2023-10-03 15:14:15.738] [jointLog] [info] Loading pufferfish index
[2023-10-03 15:14:15.738] [jointLog] [info] Loading dense pufferfish index.
[2023-10-03 15:14:16.180] [jointLog] [info] done
[2023-10-03 15:14:16.220] [jointLog] [info] Index contained 191,492 targets
[2023-10-03 15:14:16.269] [jointLog] [info] Number of decoys : 0
[2023-10-03 15:14:17.042] [jointLog] [info] Automatically detected most likely library type as IU

[2023-10-03 15:16:20.077] [jointLog] [info] Computed 111,074 rich equivalence classes for further processing
[2023-10-03 15:16:20.077] [jointLog] [info] Counted 22,153,843 total reads in the equivalence classes 
[2023-10-03 15:16:20.085] [jointLog] [info] Number of mappings discarded because of alignment score : 101,681,069
[2023-10-03 15:16:20.085] [jointLog] [info] Number of fragments entirely discarded because of alignment score : 1,872,289
[2023-10-03 15:16:20.085] [jointLog] [info] Number of fragments discarded because they are best-mapped to decoys : 0
[2023-10-03 15:16:20.085] [jointLog] [info] Number of fragments discarded because they have only dovetail (discordant) mappings to valid targets : 798,941
[2023-10-03 15:16:20.085] [jointLog] [info] Mapping rate = 87.1569%

[2023-10-03 15:16:20.085] [jointLog] [info] finished quantifyLibrary()
[2023-10-03 15:16:20.087] [jointLog] [info] Starting optimizer
[2023-10-03 15:16:20.180] [jointLog] [info] Marked 0 weighted equivalence classes as degenerate
[2023-10-03 15:16:20.192] [jointLog] [info] iteration = 0 | max rel diff. = 6406.6
[2023-10-03 15:16:20.078] [fileLog] [info] 
At end of round 0
==================
Observed 25418349 total fragments (25418349 in most recent round)

[2023-10-03 15:16:21.229] [jointLog] [info] iteration = 100 | max rel diff. = 17.6392
[2023-10-03 15:16:22.254] [jointLog] [info] iteration = 200 | max rel diff. = 3.38197
[2023-10-03 15:16:23.277] [jointLog] [info] iteration = 300 | max rel diff. = 0.180077
[2023-10-03 15:16:24.299] [jointLog] [info] iteration = 400 | max rel diff. = 0.358121
[2023-10-03 15:16:24.361] [jointLog] [info] iteration = 407 | max rel diff. = 0.00296617
[2023-10-03 15:16:24.396] [jointLog] [info] Finished optimizer
[2023-10-03 15:16:24.396] [jointLog] [info] writing output 

