[2023-10-03 15:17:07.197] [jointLog] [info] setting maxHashResizeThreads to 20
[2023-10-03 15:17:07.197] [jointLog] [info] Fragment incompatibility prior below threshold.  Incompatible fragments will be ignored.
[2023-10-03 15:17:07.197] [jointLog] [info] Usage of --validateMappings implies use of minScoreFraction. Since not explicitly specified, it is being set to 0.65
[2023-10-03 15:17:07.197] [jointLog] [info] Setting consensusSlack to selective-alignment default of 0.35.
[2023-10-03 15:17:07.197] [jointLog] [info] parsing read library format
[2023-10-03 15:17:07.197] [jointLog] [info] There is 1 library.
[2023-10-03 15:17:07.198] [jointLog] [info] Loading pufferfish index
[2023-10-03 15:17:07.198] [jointLog] [info] Loading dense pufferfish index.
[2023-10-03 15:17:07.637] [jointLog] [info] done
[2023-10-03 15:17:07.675] [jointLog] [info] Index contained 191,492 targets
[2023-10-03 15:17:07.730] [jointLog] [info] Number of decoys : 0
[2023-10-03 15:17:08.706] [jointLog] [info] Automatically detected most likely library type as IU

[2023-10-03 15:21:03.187] [jointLog] [info] Computed 127,117 rich equivalence classes for further processing
[2023-10-03 15:21:03.187] [jointLog] [info] Counted 27,953,392 total reads in the equivalence classes 
[2023-10-03 15:21:03.197] [jointLog] [info] Number of mappings discarded because of alignment score : 250,375,589
[2023-10-03 15:21:03.197] [jointLog] [info] Number of fragments entirely discarded because of alignment score : 4,030,173
[2023-10-03 15:21:03.197] [jointLog] [info] Number of fragments discarded because they are best-mapped to decoys : 0
[2023-10-03 15:21:03.197] [jointLog] [info] Number of fragments discarded because they have only dovetail (discordant) mappings to valid targets : 1,489,317
[2023-10-03 15:21:03.197] [jointLog] [info] Mapping rate = 80.1964%

[2023-10-03 15:21:03.197] [jointLog] [info] finished quantifyLibrary()
[2023-10-03 15:21:03.198] [jointLog] [info] Starting optimizer
[2023-10-03 15:21:03.297] [jointLog] [info] Marked 0 weighted equivalence classes as degenerate
[2023-10-03 15:21:03.310] [jointLog] [info] iteration = 0 | max rel diff. = 6392.88
[2023-10-03 15:21:03.187] [fileLog] [info] 
At end of round 0
==================
Observed 34856189 total fragments (34856189 in most recent round)

[2023-10-03 15:21:04.366] [jointLog] [info] iteration = 100 | max rel diff. = 13.352
[2023-10-03 15:21:05.419] [jointLog] [info] iteration = 200 | max rel diff. = 0.530127
[2023-10-03 15:21:06.474] [jointLog] [info] iteration = 300 | max rel diff. = 0.167899
[2023-10-03 15:21:07.527] [jointLog] [info] iteration = 400 | max rel diff. = 0.0555237
[2023-10-03 15:21:08.580] [jointLog] [info] iteration = 500 | max rel diff. = 0.315858
[2023-10-03 15:21:09.634] [jointLog] [info] iteration = 600 | max rel diff. = 0.0686852
[2023-10-03 15:21:10.251] [jointLog] [info] iteration = 659 | max rel diff. = 0.00858032
[2023-10-03 15:21:10.294] [jointLog] [info] Finished optimizer
[2023-10-03 15:21:10.294] [jointLog] [info] writing output 

