[2023-10-03 15:21:22.325] [jointLog] [info] setting maxHashResizeThreads to 20
[2023-10-03 15:21:22.325] [jointLog] [info] Fragment incompatibility prior below threshold.  Incompatible fragments will be ignored.
[2023-10-03 15:21:22.325] [jointLog] [info] Usage of --validateMappings implies use of minScoreFraction. Since not explicitly specified, it is being set to 0.65
[2023-10-03 15:21:22.325] [jointLog] [info] Setting consensusSlack to selective-alignment default of 0.35.
[2023-10-03 15:21:22.325] [jointLog] [info] parsing read library format
[2023-10-03 15:21:22.325] [jointLog] [info] There is 1 library.
[2023-10-03 15:21:22.326] [jointLog] [info] Loading pufferfish index
[2023-10-03 15:21:22.326] [jointLog] [info] Loading dense pufferfish index.
[2023-10-03 15:21:22.776] [jointLog] [info] done
[2023-10-03 15:21:22.816] [jointLog] [info] Index contained 191,492 targets
[2023-10-03 15:21:22.866] [jointLog] [info] Number of decoys : 0
[2023-10-03 15:21:24.167] [jointLog] [info] Automatically detected most likely library type as IU

[2023-10-03 15:25:07.174] [jointLog] [info] Computed 121,236 rich equivalence classes for further processing
[2023-10-03 15:25:07.174] [jointLog] [info] Counted 11,319,850 total reads in the equivalence classes 
[2023-10-03 15:25:07.181] [jointLog] [info] Number of mappings discarded because of alignment score : 281,191,083
[2023-10-03 15:25:07.181] [jointLog] [info] Number of fragments entirely discarded because of alignment score : 4,560,775
[2023-10-03 15:25:07.181] [jointLog] [info] Number of fragments discarded because they are best-mapped to decoys : 0
[2023-10-03 15:25:07.181] [jointLog] [info] Number of fragments discarded because they have only dovetail (discordant) mappings to valid targets : 1,389,316
[2023-10-03 15:25:07.181] [jointLog] [info] Mapping rate = 58.4888%

[2023-10-03 15:25:07.181] [jointLog] [info] finished quantifyLibrary()
[2023-10-03 15:25:07.182] [jointLog] [info] Starting optimizer
[2023-10-03 15:25:07.276] [jointLog] [info] Marked 0 weighted equivalence classes as degenerate
[2023-10-03 15:25:07.288] [jointLog] [info] iteration = 0 | max rel diff. = 4563.55
[2023-10-03 15:25:07.174] [fileLog] [info] 
At end of round 0
==================
Observed 19353878 total fragments (19353878 in most recent round)

[2023-10-03 15:25:08.353] [jointLog] [info] iteration = 100 | max rel diff. = 8.71294
[2023-10-03 15:25:09.403] [jointLog] [info] iteration = 200 | max rel diff. = 3.90782
[2023-10-03 15:25:10.453] [jointLog] [info] iteration = 300 | max rel diff. = 0.171348
[2023-10-03 15:25:11.503] [jointLog] [info] iteration = 400 | max rel diff. = 0.0877407
[2023-10-03 15:25:12.289] [jointLog] [info] iteration = 476 | max rel diff. = 0.00985734
[2023-10-03 15:25:12.319] [jointLog] [info] Finished optimizer
[2023-10-03 15:25:12.319] [jointLog] [info] writing output 

