[2023-10-03 15:07:24.234] [jointLog] [info] setting maxHashResizeThreads to 20
[2023-10-03 15:07:24.234] [jointLog] [info] Fragment incompatibility prior below threshold.  Incompatible fragments will be ignored.
[2023-10-03 15:07:24.234] [jointLog] [info] Usage of --validateMappings implies use of minScoreFraction. Since not explicitly specified, it is being set to 0.65
[2023-10-03 15:07:24.234] [jointLog] [info] Setting consensusSlack to selective-alignment default of 0.35.
[2023-10-03 15:07:24.234] [jointLog] [info] parsing read library format
[2023-10-03 15:07:24.234] [jointLog] [info] There is 1 library.
[2023-10-03 15:07:24.252] [jointLog] [info] Loading pufferfish index
[2023-10-03 15:07:24.260] [jointLog] [info] Loading dense pufferfish index.
[2023-10-03 15:07:25.194] [jointLog] [info] done
[2023-10-03 15:07:25.231] [jointLog] [info] Index contained 191,492 targets
[2023-10-03 15:07:25.281] [jointLog] [info] Number of decoys : 0
[2023-10-03 15:07:26.589] [jointLog] [info] Automatically detected most likely library type as IU

[2023-10-03 15:10:56.128] [jointLog] [info] Computed 117,698 rich equivalence classes for further processing
[2023-10-03 15:10:56.128] [jointLog] [info] Counted 13,144,321 total reads in the equivalence classes 
[2023-10-03 15:10:56.136] [jointLog] [info] Number of mappings discarded because of alignment score : 244,409,850
[2023-10-03 15:10:56.136] [jointLog] [info] Number of fragments entirely discarded because of alignment score : 3,496,621
[2023-10-03 15:10:56.136] [jointLog] [info] Number of fragments discarded because they are best-mapped to decoys : 0
[2023-10-03 15:10:56.136] [jointLog] [info] Number of fragments discarded because they have only dovetail (discordant) mappings to valid targets : 1,094,457
[2023-10-03 15:10:56.136] [jointLog] [info] Mapping rate = 68.6213%

[2023-10-03 15:10:56.136] [jointLog] [info] finished quantifyLibrary()
[2023-10-03 15:10:56.138] [jointLog] [info] Starting optimizer
[2023-10-03 15:10:56.231] [jointLog] [info] Marked 0 weighted equivalence classes as degenerate
[2023-10-03 15:10:56.243] [jointLog] [info] iteration = 0 | max rel diff. = 4994.46
[2023-10-03 15:10:56.129] [fileLog] [info] 
At end of round 0
==================
Observed 19154866 total fragments (19154866 in most recent round)

[2023-10-03 15:10:57.283] [jointLog] [info] iteration = 100 | max rel diff. = 16.9355
[2023-10-03 15:10:58.321] [jointLog] [info] iteration = 200 | max rel diff. = 1.04377
[2023-10-03 15:10:59.357] [jointLog] [info] iteration = 300 | max rel diff. = 2.92648
[2023-10-03 15:11:00.391] [jointLog] [info] iteration = 400 | max rel diff. = 1.23104
[2023-10-03 15:11:01.426] [jointLog] [info] iteration = 500 | max rel diff. = 0.0436085
[2023-10-03 15:11:02.462] [jointLog] [info] iteration = 600 | max rel diff. = 0.113785
[2023-10-03 15:11:02.704] [jointLog] [info] iteration = 624 | max rel diff. = 0.00647285
[2023-10-03 15:11:02.746] [jointLog] [info] Finished optimizer
[2023-10-03 15:11:02.746] [jointLog] [info] writing output 

