[2023-09-21 07:01:25.016] [jointLog] [info] setting maxHashResizeThreads to 20
[2023-09-21 07:01:25.016] [jointLog] [info] Fragment incompatibility prior below threshold.  Incompatible fragments will be ignored.
[2023-09-21 07:01:25.016] [jointLog] [info] Usage of --validateMappings implies use of minScoreFraction. Since not explicitly specified, it is being set to 0.65
[2023-09-21 07:01:25.016] [jointLog] [info] Setting consensusSlack to selective-alignment default of 0.35.
[2023-09-21 07:01:25.016] [jointLog] [info] parsing read library format
[2023-09-21 07:01:25.016] [jointLog] [info] There is 1 library.
[2023-09-21 07:01:25.016] [jointLog] [info] Loading pufferfish index
[2023-09-21 07:01:25.016] [jointLog] [info] Loading dense pufferfish index.
[2023-09-21 07:01:25.477] [jointLog] [info] done
[2023-09-21 07:01:25.552] [jointLog] [info] Index contained 191,492 targets
[2023-09-21 07:01:25.618] [jointLog] [info] Number of decoys : 0
[2023-09-21 07:01:26.305] [jointLog] [info] Automatically detected most likely library type as IU

[2023-09-21 07:01:51.290] [jointLog] [info] Computed 72,844 rich equivalence classes for further processing
[2023-09-21 07:01:51.290] [jointLog] [info] Counted 6,685,915 total reads in the equivalence classes 
[2023-09-21 07:01:51.299] [jointLog] [info] Number of mappings discarded because of alignment score : 1,273,421
[2023-09-21 07:01:51.299] [jointLog] [info] Number of fragments entirely discarded because of alignment score : 222,839
[2023-09-21 07:01:51.299] [jointLog] [info] Number of fragments discarded because they are best-mapped to decoys : 0
[2023-09-21 07:01:51.299] [jointLog] [info] Number of fragments discarded because they have only dovetail (discordant) mappings to valid targets : 177,196
[2023-09-21 07:01:51.299] [jointLog] [info] Mapping rate = 96.6626%

[2023-09-21 07:01:51.299] [jointLog] [info] finished quantifyLibrary()
[2023-09-21 07:01:51.300] [jointLog] [info] Starting optimizer
[2023-09-21 07:01:51.390] [jointLog] [info] Marked 0 weighted equivalence classes as degenerate
[2023-09-21 07:01:51.402] [jointLog] [info] iteration = 0 | max rel diff. = 2951.15
[2023-09-21 07:01:51.291] [fileLog] [info] 
At end of round 0
==================
Observed 6916757 total fragments (6916757 in most recent round)

[2023-09-21 07:01:52.359] [jointLog] [info] iteration = 100 | max rel diff. = 9.97494
[2023-09-21 07:01:53.308] [jointLog] [info] iteration = 200 | max rel diff. = 14.8659
[2023-09-21 07:01:54.256] [jointLog] [info] iteration = 300 | max rel diff. = 0.287071
[2023-09-21 07:01:55.204] [jointLog] [info] iteration = 400 | max rel diff. = 0.0727604
[2023-09-21 07:01:56.153] [jointLog] [info] iteration = 500 | max rel diff. = 0.0177326
[2023-09-21 07:01:57.108] [jointLog] [info] iteration = 600 | max rel diff. = 0.128025
[2023-09-21 07:01:57.754] [jointLog] [info] iteration = 669 | max rel diff. = 0.00772232
[2023-09-21 07:01:57.802] [jointLog] [info] Finished optimizer
[2023-09-21 07:01:57.802] [jointLog] [info] writing output 

