[2023-09-21 07:00:58.002] [jointLog] [info] setting maxHashResizeThreads to 20
[2023-09-21 07:00:58.002] [jointLog] [info] Fragment incompatibility prior below threshold.  Incompatible fragments will be ignored.
[2023-09-21 07:00:58.002] [jointLog] [info] Usage of --validateMappings implies use of minScoreFraction. Since not explicitly specified, it is being set to 0.65
[2023-09-21 07:00:58.002] [jointLog] [info] Setting consensusSlack to selective-alignment default of 0.35.
[2023-09-21 07:00:58.002] [jointLog] [info] parsing read library format
[2023-09-21 07:00:58.002] [jointLog] [info] There is 1 library.
[2023-09-21 07:00:58.003] [jointLog] [info] Loading pufferfish index
[2023-09-21 07:00:58.003] [jointLog] [info] Loading dense pufferfish index.
[2023-09-21 07:00:58.453] [jointLog] [info] done
[2023-09-21 07:00:58.493] [jointLog] [info] Index contained 191,492 targets
[2023-09-21 07:00:58.543] [jointLog] [info] Number of decoys : 0
[2023-09-21 07:00:59.235] [jointLog] [info] Automatically detected most likely library type as IU

[2023-09-21 07:01:20.114] [jointLog] [info] Computed 85,232 rich equivalence classes for further processing
[2023-09-21 07:01:20.114] [jointLog] [info] Counted 5,469,556 total reads in the equivalence classes 
[2023-09-21 07:01:20.122] [jointLog] [info] Number of mappings discarded because of alignment score : 1,233,558
[2023-09-21 07:01:20.122] [jointLog] [info] Number of fragments entirely discarded because of alignment score : 214,624
[2023-09-21 07:01:20.122] [jointLog] [info] Number of fragments discarded because they are best-mapped to decoys : 0
[2023-09-21 07:01:20.122] [jointLog] [info] Number of fragments discarded because they have only dovetail (discordant) mappings to valid targets : 187,398
[2023-09-21 07:01:20.122] [jointLog] [info] Mapping rate = 96.0052%

[2023-09-21 07:01:20.122] [jointLog] [info] finished quantifyLibrary()
[2023-09-21 07:01:20.123] [jointLog] [info] Starting optimizer
[2023-09-21 07:01:20.206] [jointLog] [info] Marked 0 weighted equivalence classes as degenerate
[2023-09-21 07:01:20.217] [jointLog] [info] iteration = 0 | max rel diff. = 2539.24
[2023-09-21 07:01:20.114] [fileLog] [info] 
At end of round 0
==================
Observed 5697148 total fragments (5697148 in most recent round)

[2023-09-21 07:01:21.196] [jointLog] [info] iteration = 100 | max rel diff. = 2.23154
[2023-09-21 07:01:22.168] [jointLog] [info] iteration = 200 | max rel diff. = 0.252065
[2023-09-21 07:01:23.144] [jointLog] [info] iteration = 300 | max rel diff. = 0.189768
[2023-09-21 07:01:24.116] [jointLog] [info] iteration = 400 | max rel diff. = 0.0336597
[2023-09-21 07:01:24.505] [jointLog] [info] iteration = 441 | max rel diff. = 0.00858422
[2023-09-21 07:01:24.536] [jointLog] [info] Finished optimizer
[2023-09-21 07:01:24.536] [jointLog] [info] writing output 

