[2023-09-21 07:02:03.171] [jointLog] [info] setting maxHashResizeThreads to 20
[2023-09-21 07:02:03.171] [jointLog] [info] Fragment incompatibility prior below threshold.  Incompatible fragments will be ignored.
[2023-09-21 07:02:03.171] [jointLog] [info] Usage of --validateMappings implies use of minScoreFraction. Since not explicitly specified, it is being set to 0.65
[2023-09-21 07:02:03.171] [jointLog] [info] Setting consensusSlack to selective-alignment default of 0.35.
[2023-09-21 07:02:03.171] [jointLog] [info] parsing read library format
[2023-09-21 07:02:03.171] [jointLog] [info] There is 1 library.
[2023-09-21 07:02:03.171] [jointLog] [info] Loading pufferfish index
[2023-09-21 07:02:03.171] [jointLog] [info] Loading dense pufferfish index.
[2023-09-21 07:02:03.606] [jointLog] [info] done
[2023-09-21 07:02:03.645] [jointLog] [info] Index contained 191,492 targets
[2023-09-21 07:02:03.695] [jointLog] [info] Number of decoys : 0
[2023-09-21 07:02:04.427] [jointLog] [info] Automatically detected most likely library type as IU

[2023-09-21 07:02:20.415] [jointLog] [info] Computed 75,284 rich equivalence classes for further processing
[2023-09-21 07:02:20.415] [jointLog] [info] Counted 4,151,780 total reads in the equivalence classes 
[2023-09-21 07:02:20.423] [jointLog] [info] Number of mappings discarded because of alignment score : 1,077,096
[2023-09-21 07:02:20.423] [jointLog] [info] Number of fragments entirely discarded because of alignment score : 187,362
[2023-09-21 07:02:20.423] [jointLog] [info] Number of fragments discarded because they are best-mapped to decoys : 0
[2023-09-21 07:02:20.423] [jointLog] [info] Number of fragments discarded because they have only dovetail (discordant) mappings to valid targets : 184,519
[2023-09-21 07:02:20.446] [jointLog] [warning] Only 4151780 fragments were mapped, but the number of burn-in fragments was set to 5000000.
The effective lengths have been computed using the observed mappings.

[2023-09-21 07:02:20.446] [jointLog] [info] Mapping rate = 94.9798%

[2023-09-21 07:02:20.446] [jointLog] [info] finished quantifyLibrary()
[2023-09-21 07:02:20.447] [jointLog] [info] Starting optimizer
[2023-09-21 07:02:20.523] [jointLog] [info] Marked 0 weighted equivalence classes as degenerate
[2023-09-21 07:02:20.535] [jointLog] [info] iteration = 0 | max rel diff. = 1985.25
[2023-09-21 07:02:20.416] [fileLog] [info] 
At end of round 0
==================
Observed 4371222 total fragments (4371222 in most recent round)

[2023-09-21 07:02:21.506] [jointLog] [info] iteration = 100 | max rel diff. = 12.2967
[2023-09-21 07:02:22.470] [jointLog] [info] iteration = 200 | max rel diff. = 1.06594
[2023-09-21 07:02:23.435] [jointLog] [info] iteration = 300 | max rel diff. = 3.32403
[2023-09-21 07:02:24.399] [jointLog] [info] iteration = 400 | max rel diff. = 0.0116509
[2023-09-21 07:02:25.361] [jointLog] [info] iteration = 500 | max rel diff. = 0.034692
[2023-09-21 07:02:26.133] [jointLog] [info] iteration = 581 | max rel diff. = 0.00457483
[2023-09-21 07:02:26.161] [jointLog] [info] Finished optimizer
[2023-09-21 07:02:26.161] [jointLog] [info] writing output 

