[2024-03-04 12:52:38.019] [jointLog] [info] setting maxHashResizeThreads to 20
[2024-03-04 12:52:38.019] [jointLog] [info] Fragment incompatibility prior below threshold.  Incompatible fragments will be ignored.
[2024-03-04 12:52:38.019] [jointLog] [info] Usage of --validateMappings implies use of minScoreFraction. Since not explicitly specified, it is being set to 0.65
[2024-03-04 12:52:38.019] [jointLog] [info] Setting consensusSlack to selective-alignment default of 0.35.
[2024-03-04 12:52:38.019] [jointLog] [info] parsing read library format
[2024-03-04 12:52:38.019] [jointLog] [info] There is 1 library.
[2024-03-04 12:52:38.020] [jointLog] [info] Loading pufferfish index
[2024-03-04 12:52:38.020] [jointLog] [info] Loading dense pufferfish index.
[2024-03-04 12:52:38.535] [jointLog] [info] done
[2024-03-04 12:52:38.631] [jointLog] [info] Index contained 191,492 targets
[2024-03-04 12:52:39.741] [jointLog] [info] Number of decoys : 0
[2024-03-04 12:52:40.931] [jointLog] [info] Automatically detected most likely library type as IU

[2024-03-04 12:56:41.760] [fileLog] [info] 
At end of round 0
==================
Observed 23929632 total fragments (23929632 in most recent round)

[2024-03-04 12:56:41.759] [jointLog] [info] Computed 132,145 rich equivalence classes for further processing
[2024-03-04 12:56:41.759] [jointLog] [info] Counted 16,414,379 total reads in the equivalence classes 
[2024-03-04 12:56:41.768] [jointLog] [info] Number of mappings discarded because of alignment score : 267,466,334
[2024-03-04 12:56:41.768] [jointLog] [info] Number of fragments entirely discarded because of alignment score : 4,005,062
[2024-03-04 12:56:41.768] [jointLog] [info] Number of fragments discarded because they are best-mapped to decoys : 0
[2024-03-04 12:56:41.768] [jointLog] [info] Number of fragments discarded because they have only dovetail (discordant) mappings to valid targets : 1,109,811
[2024-03-04 12:56:41.768] [jointLog] [info] Mapping rate = 68.5944%

[2024-03-04 12:56:41.768] [jointLog] [info] finished quantifyLibrary()
[2024-03-04 12:56:41.769] [jointLog] [info] Starting optimizer
[2024-03-04 12:56:41.870] [jointLog] [info] Marked 0 weighted equivalence classes as degenerate
[2024-03-04 12:56:41.883] [jointLog] [info] iteration = 0 | max rel diff. = 5753.46
[2024-03-04 12:56:41.999] [jointLog] [info] iteration 11, adjusting effective lengths to account for biases
[2024-03-04 12:56:47.680] [jointLog] [info] Computed expected counts (for bias correction)
[2024-03-04 12:56:47.680] [jointLog] [info] processed bias for 0.0% of the transcripts
[2024-03-04 12:56:47.874] [jointLog] [info] processed bias for 10.0% of the transcripts
[2024-03-04 12:56:48.201] [jointLog] [info] processed bias for 20.0% of the transcripts
[2024-03-04 12:56:48.523] [jointLog] [info] processed bias for 30.0% of the transcripts
[2024-03-04 12:56:48.729] [jointLog] [info] processed bias for 40.0% of the transcripts
[2024-03-04 12:56:49.186] [jointLog] [info] processed bias for 50.0% of the transcripts
[2024-03-04 12:56:49.608] [jointLog] [info] processed bias for 60.0% of the transcripts
[2024-03-04 12:56:50.353] [jointLog] [info] processed bias for 70.0% of the transcripts
[2024-03-04 12:56:51.204] [jointLog] [info] processed bias for 80.0% of the transcripts
[2024-03-04 12:56:51.955] [jointLog] [info] processed bias for 90.0% of the transcripts
[2024-03-04 12:56:53.410] [jointLog] [info] processed bias for 100.0% of the transcripts
[2024-03-04 12:56:54.364] [jointLog] [info] iteration = 100 | max rel diff. = 6.54785
[2024-03-04 12:56:55.422] [jointLog] [info] iteration = 200 | max rel diff. = 0.702621
[2024-03-04 12:56:56.478] [jointLog] [info] iteration = 300 | max rel diff. = 2.97958
[2024-03-04 12:56:57.533] [jointLog] [info] iteration = 400 | max rel diff. = 0.038121
[2024-03-04 12:56:58.589] [jointLog] [info] iteration = 500 | max rel diff. = 0.0291768
[2024-03-04 12:56:59.106] [jointLog] [info] iteration = 550 | max rel diff. = 0.00987991
[2024-03-04 12:56:59.147] [jointLog] [info] Finished optimizer
[2024-03-04 12:56:59.147] [jointLog] [info] writing output 

