[2024-03-04 13:00:15.058] [jointLog] [info] setting maxHashResizeThreads to 20
[2024-03-04 13:00:15.058] [jointLog] [info] Fragment incompatibility prior below threshold.  Incompatible fragments will be ignored.
[2024-03-04 13:00:15.058] [jointLog] [info] Usage of --validateMappings implies use of minScoreFraction. Since not explicitly specified, it is being set to 0.65
[2024-03-04 13:00:15.058] [jointLog] [info] Setting consensusSlack to selective-alignment default of 0.35.
[2024-03-04 13:00:15.058] [jointLog] [info] parsing read library format
[2024-03-04 13:00:15.058] [jointLog] [info] There is 1 library.
[2024-03-04 13:00:15.059] [jointLog] [info] Loading pufferfish index
[2024-03-04 13:00:15.059] [jointLog] [info] Loading dense pufferfish index.
[2024-03-04 13:00:15.496] [jointLog] [info] done
[2024-03-04 13:00:15.556] [jointLog] [info] Index contained 191,492 targets
[2024-03-04 13:00:16.549] [jointLog] [info] Number of decoys : 0
[2024-03-04 13:00:17.751] [jointLog] [info] Automatically detected most likely library type as IU

[2024-03-04 13:07:04.794] [jointLog] [info] Computed 116,805 rich equivalence classes for further processing
[2024-03-04 13:07:04.794] [jointLog] [info] Counted 24,783,510 total reads in the equivalence classes 
[2024-03-04 13:07:04.805] [jointLog] [info] Number of mappings discarded because of alignment score : 527,115,124
[2024-03-04 13:07:04.805] [jointLog] [info] Number of fragments entirely discarded because of alignment score : 7,162,565
[2024-03-04 13:07:04.805] [jointLog] [info] Number of fragments discarded because they are best-mapped to decoys : 0
[2024-03-04 13:07:04.805] [jointLog] [info] Number of fragments discarded because they have only dovetail (discordant) mappings to valid targets : 2,040,524
[2024-03-04 13:07:04.805] [jointLog] [info] Mapping rate = 65.9733%

[2024-03-04 13:07:04.805] [jointLog] [info] finished quantifyLibrary()
[2024-03-04 13:07:04.806] [jointLog] [info] Starting optimizer
[2024-03-04 13:07:04.902] [jointLog] [info] Marked 0 weighted equivalence classes as degenerate
[2024-03-04 13:07:04.914] [jointLog] [info] iteration = 0 | max rel diff. = 6490.21
[2024-03-04 13:07:05.022] [jointLog] [info] iteration 11, adjusting effective lengths to account for biases
[2024-03-04 13:07:04.795] [fileLog] [info] 
At end of round 0
==================
Observed 37565968 total fragments (37565968 in most recent round)

[2024-03-04 13:07:11.091] [jointLog] [info] Computed expected counts (for bias correction)
[2024-03-04 13:07:11.091] [jointLog] [info] processed bias for 0.0% of the transcripts
[2024-03-04 13:07:11.292] [jointLog] [info] processed bias for 10.0% of the transcripts
[2024-03-04 13:07:11.582] [jointLog] [info] processed bias for 20.0% of the transcripts
[2024-03-04 13:07:11.907] [jointLog] [info] processed bias for 30.0% of the transcripts
[2024-03-04 13:07:12.155] [jointLog] [info] processed bias for 40.0% of the transcripts
[2024-03-04 13:07:12.513] [jointLog] [info] processed bias for 50.0% of the transcripts
[2024-03-04 13:07:12.909] [jointLog] [info] processed bias for 60.0% of the transcripts
[2024-03-04 13:07:13.590] [jointLog] [info] processed bias for 70.0% of the transcripts
[2024-03-04 13:07:14.486] [jointLog] [info] processed bias for 80.0% of the transcripts
[2024-03-04 13:07:15.517] [jointLog] [info] processed bias for 90.0% of the transcripts
[2024-03-04 13:07:16.651] [jointLog] [info] processed bias for 100.0% of the transcripts
[2024-03-04 13:07:17.594] [jointLog] [info] iteration = 100 | max rel diff. = 11.4557
[2024-03-04 13:07:18.635] [jointLog] [info] iteration = 200 | max rel diff. = 5.73568
[2024-03-04 13:07:19.676] [jointLog] [info] iteration = 300 | max rel diff. = 2.44382
[2024-03-04 13:07:20.718] [jointLog] [info] iteration = 400 | max rel diff. = 0.100833
[2024-03-04 13:07:21.758] [jointLog] [info] iteration = 500 | max rel diff. = 0.230886
[2024-03-04 13:07:22.798] [jointLog] [info] iteration = 600 | max rel diff. = 0.0562074
[2024-03-04 13:07:23.838] [jointLog] [info] iteration = 700 | max rel diff. = 1.34403
[2024-03-04 13:07:24.859] [jointLog] [info] iteration = 799 | max rel diff. = 0.00518032
[2024-03-04 13:07:24.897] [jointLog] [info] Finished optimizer
[2024-03-04 13:07:24.897] [jointLog] [info] writing output 

