[2024-03-04 12:49:18.497] [jointLog] [info] setting maxHashResizeThreads to 20
[2024-03-04 12:49:18.497] [jointLog] [info] Fragment incompatibility prior below threshold.  Incompatible fragments will be ignored.
[2024-03-04 12:49:18.497] [jointLog] [info] Usage of --validateMappings implies use of minScoreFraction. Since not explicitly specified, it is being set to 0.65
[2024-03-04 12:49:18.497] [jointLog] [info] Setting consensusSlack to selective-alignment default of 0.35.
[2024-03-04 12:49:18.497] [jointLog] [info] parsing read library format
[2024-03-04 12:49:18.497] [jointLog] [info] There is 1 library.
[2024-03-04 12:49:18.543] [jointLog] [info] Loading pufferfish index
[2024-03-04 12:49:18.551] [jointLog] [info] Loading dense pufferfish index.
[2024-03-04 12:49:20.365] [jointLog] [info] done
[2024-03-04 12:49:20.439] [jointLog] [info] Index contained 191,492 targets
[2024-03-04 12:49:21.544] [jointLog] [info] Number of decoys : 0
[2024-03-04 12:49:22.902] [jointLog] [info] Automatically detected most likely library type as IU

[2024-03-04 12:54:27.776] [fileLog] [info] 
At end of round 0
==================
Observed 23640373 total fragments (23640373 in most recent round)

[2024-03-04 12:54:27.775] [jointLog] [info] Computed 126,837 rich equivalence classes for further processing
[2024-03-04 12:54:27.775] [jointLog] [info] Counted 14,163,735 total reads in the equivalence classes 
[2024-03-04 12:54:27.784] [jointLog] [info] Number of mappings discarded because of alignment score : 357,404,533
[2024-03-04 12:54:27.784] [jointLog] [info] Number of fragments entirely discarded because of alignment score : 5,274,638
[2024-03-04 12:54:27.784] [jointLog] [info] Number of fragments discarded because they are best-mapped to decoys : 0
[2024-03-04 12:54:27.784] [jointLog] [info] Number of fragments discarded because they have only dovetail (discordant) mappings to valid targets : 1,305,004
[2024-03-04 12:54:27.784] [jointLog] [info] Mapping rate = 59.9133%

[2024-03-04 12:54:27.784] [jointLog] [info] finished quantifyLibrary()
[2024-03-04 12:54:27.785] [jointLog] [info] Starting optimizer
[2024-03-04 12:54:27.883] [jointLog] [info] Marked 0 weighted equivalence classes as degenerate
[2024-03-04 12:54:27.895] [jointLog] [info] iteration = 0 | max rel diff. = 5272.9
[2024-03-04 12:54:28.005] [jointLog] [info] iteration 11, adjusting effective lengths to account for biases
[2024-03-04 12:54:34.445] [jointLog] [info] Computed expected counts (for bias correction)
[2024-03-04 12:54:34.445] [jointLog] [info] processed bias for 0.0% of the transcripts
[2024-03-04 12:54:34.595] [jointLog] [info] processed bias for 10.0% of the transcripts
[2024-03-04 12:54:34.885] [jointLog] [info] processed bias for 20.0% of the transcripts
[2024-03-04 12:54:35.107] [jointLog] [info] processed bias for 30.0% of the transcripts
[2024-03-04 12:54:35.410] [jointLog] [info] processed bias for 40.0% of the transcripts
[2024-03-04 12:54:35.829] [jointLog] [info] processed bias for 50.0% of the transcripts
[2024-03-04 12:54:36.220] [jointLog] [info] processed bias for 60.0% of the transcripts
[2024-03-04 12:54:36.735] [jointLog] [info] processed bias for 70.0% of the transcripts
[2024-03-04 12:54:37.539] [jointLog] [info] processed bias for 80.0% of the transcripts
[2024-03-04 12:54:38.697] [jointLog] [info] processed bias for 90.0% of the transcripts
[2024-03-04 12:54:40.415] [jointLog] [info] processed bias for 100.0% of the transcripts
[2024-03-04 12:54:41.373] [jointLog] [info] iteration = 100 | max rel diff. = 17.7823
[2024-03-04 12:54:42.430] [jointLog] [info] iteration = 200 | max rel diff. = 4.12292
[2024-03-04 12:54:43.487] [jointLog] [info] iteration = 300 | max rel diff. = 0.192567
[2024-03-04 12:54:44.545] [jointLog] [info] iteration = 400 | max rel diff. = 0.180443
[2024-03-04 12:54:45.126] [jointLog] [info] iteration = 456 | max rel diff. = 0.00724924
[2024-03-04 12:54:45.174] [jointLog] [info] Finished optimizer
[2024-03-04 12:54:45.174] [jointLog] [info] writing output 

