Version Info: ### PLEASE UPGRADE SALMON ###
### A newer version of salmon with important bug fixes and improvements is available. ####
###
The newest version, available at https://github.com/COMBINE-lab/salmon/releases
contains new features, improvements, and bug fixes; please upgrade at your
earliest convenience.
###
Sign up for the salmon mailing list to hear about new versions, features and updates at:
https://oceangenomics.com/subscribe
### salmon (selective-alignment-based) v1.9.0
### [ program ] => salmon 
### [ command ] => quant 
### [ index ] => { /share/nwfsc/ggoetz/202301-dungeness_crab-transcriptome/ref/salmon/all.megan6 }
### [ libType ] => { A }
### [ output ] => { /share/nwfsc/ggoetz/202301-dungeness_crab-transcriptome/salmon/all.megan6/CH03-33.quant }
### [ mates1 ] => { /share/nwfsc/ggoetz/202301-dungeness_crab-transcriptome/megan6/reads/20230730.mmag.CH03-33.trimmed.megan_R1.fq.gz }
### [ mates2 ] => { /share/nwfsc/ggoetz/202301-dungeness_crab-transcriptome/megan6/reads/20230730.mmag.CH03-33.trimmed.megan_R2.fq.gz }
### [ validateMappings ] => { }
### [ threads ] => { 20 }
Logs will be written to /share/nwfsc/ggoetz/202301-dungeness_crab-transcriptome/salmon/all.megan6/CH03-33.quant/logs
[2023-09-21 07:00:57.816] [jointLog] [info] setting maxHashResizeThreads to 20
[2023-09-21 07:00:57.816] [jointLog] [info] Fragment incompatibility prior below threshold.  Incompatible fragments will be ignored.
[2023-09-21 07:00:57.816] [jointLog] [info] Usage of --validateMappings implies use of minScoreFraction. Since not explicitly specified, it is being set to 0.65
[2023-09-21 07:00:57.816] [jointLog] [info] Setting consensusSlack to selective-alignment default of 0.35.
[2023-09-21 07:00:57.816] [jointLog] [info] parsing read library format
[2023-09-21 07:00:57.816] [jointLog] [info] There is 1 library.
[2023-09-21 07:00:57.817] [jointLog] [info] Loading pufferfish index
[2023-09-21 07:00:57.817] [jointLog] [info] Loading dense pufferfish index.
-----------------------------------------
| Loading contig table | Time = 53.11 ms
-----------------------------------------
size = 437842
-----------------------------------------
| Loading contig offsets | Time = 1.1909 ms
-----------------------------------------
-----------------------------------------
| Loading reference lengths | Time = 527.4 us
-----------------------------------------
-----------------------------------------
| Loading mphf table | Time = 24.232 ms
-----------------------------------------
size = 94501831
Number of ones: 437841
Number of ones per inventory item: 512
Inventory entries filled: 856
-----------------------------------------
| Loading contig boundaries | Time = 155.56 ms
-----------------------------------------
size = 94501831
-----------------------------------------
| Loading sequence | Time = 16.033 ms
-----------------------------------------
size = 81366601
-----------------------------------------
| Loading positions | Time = 181.3 ms
-----------------------------------------
size = 133861661
-----------------------------------------
| Loading reference sequence | Time = 22.104 ms
-----------------------------------------
-----------------------------------------
| Loading reference accumulative lengths | Time = 1.4277 ms
-----------------------------------------




[2023-09-21 07:00:58.274] [jointLog] [info] done
[2023-09-21 07:00:58.313] [jointLog] [info] Index contained 191,492 targets
[2023-09-21 07:00:58.362] [jointLog] [info] Number of decoys : 0
[2023-09-21 07:00:59.057] [jointLog] [info] Automatically detected most likely library type as IU

[A[32mprocessed[31m 500,000 [32mfragments[0m
hits: 1,307,752, hits per frag:  3.86745[A[32mprocessed[31m 1,000,000 [32mfragments[0m
hits: 2,640,157, hits per frag:  2.67859[A[32mprocessed[31m 1,500,000 [32mfragments[0m
hits: 3,984,599, hits per frag:  2.80052[A[32mprocessed[31m 2,000,000 [32mfragments[0m
hits: 5,334,980, hits per frag:  2.76509[A[32mprocessed[31m 2,500,000 [32mfragments[0m
hits: 6,684,532, hits per frag:  2.7269[A[32mprocessed[31m 3,000,000 [32mfragments[0m
hits: 8,042,325, hits per frag:  2.76199[A[32mprocessed[31m 3,500,000 [32mfragments[0m
hits: 9,397,302, hits per frag:  2.69143[A[32mprocessed[31m 4,000,000 [32mfragments[0m
hits: 10,754,584, hits per frag:  2.6997[A[32mprocessed[31m 4,500,000 [32mfragments[0m
hits: 12,105,096, hits per frag:  2.7485[A[32mprocessed[31m 5,000,000 [32mfragments[0m
hits: 13,464,034, hits per frag:  2.72284







[2023-09-21 07:01:18.669] [jointLog] [info] Computed 69,930 rich equivalence classes for further processing
[2023-09-21 07:01:18.669] [jointLog] [info] Counted 5,092,684 total reads in the equivalence classes 
[2023-09-21 07:01:18.677] [jointLog] [info] Number of mappings discarded because of alignment score : 1,091,077
[2023-09-21 07:01:18.677] [jointLog] [info] Number of fragments entirely discarded because of alignment score : 194,034
[2023-09-21 07:01:18.677] [jointLog] [info] Number of fragments discarded because they are best-mapped to decoys : 0
[2023-09-21 07:01:18.677] [jointLog] [info] Number of fragments discarded because they have only dovetail (discordant) mappings to valid targets : 188,512
[2023-09-21 07:01:18.677] [jointLog] [info] Mapping rate = 95.9163%

[2023-09-21 07:01:18.677] [jointLog] [info] finished quantifyLibrary()
[2023-09-21 07:01:18.678] [jointLog] [info] Starting optimizer
[2023-09-21 07:01:18.756] [jointLog] [info] Marked 0 weighted equivalence classes as degenerate
[2023-09-21 07:01:18.767] [jointLog] [info] iteration = 0 | max rel diff. = 2383.84
[2023-09-21 07:01:19.719] [jointLog] [info] iteration = 100 | max rel diff. = 8.0125
[2023-09-21 07:01:20.664] [jointLog] [info] iteration = 200 | max rel diff. = 0.717923
[2023-09-21 07:01:21.610] [jointLog] [info] iteration = 300 | max rel diff. = 0.253237
[2023-09-21 07:01:22.555] [jointLog] [info] iteration = 400 | max rel diff. = 0.0772837
[2023-09-21 07:01:23.500] [jointLog] [info] iteration = 500 | max rel diff. = 2.21112
[2023-09-21 07:01:23.670] [jointLog] [info] iteration = 519 | max rel diff. = 0.00889399
[2023-09-21 07:01:23.698] [jointLog] [info] Finished optimizer
[2023-09-21 07:01:23.698] [jointLog] [info] writing output 

