Version Info: ### PLEASE UPGRADE SALMON ###
### A newer version of salmon with important bug fixes and improvements is available. ####
###
The newest version, available at https://github.com/COMBINE-lab/salmon/releases
contains new features, improvements, and bug fixes; please upgrade at your
earliest convenience.
###
Sign up for the salmon mailing list to hear about new versions, features and updates at:
https://oceangenomics.com/subscribe
### salmon (selective-alignment-based) v1.9.0
### [ program ] => salmon 
### [ command ] => quant 
### [ index ] => { /share/nwfsc/ggoetz/202301-dungeness_crab-transcriptome/ref/salmon/all.megan6 }
### [ libType ] => { A }
### [ output ] => { /share/nwfsc/ggoetz/202301-dungeness_crab-transcriptome/salmon/all.megan6/CH03-04.quant }
### [ mates1 ] => { /share/nwfsc/ggoetz/202301-dungeness_crab-transcriptome/megan6/reads/20230730.mmag.CH03-04.trimmed.megan_R1.fq.gz }
### [ mates2 ] => { /share/nwfsc/ggoetz/202301-dungeness_crab-transcriptome/megan6/reads/20230730.mmag.CH03-04.trimmed.megan_R2.fq.gz }
### [ validateMappings ] => { }
### [ threads ] => { 20 }
Logs will be written to /share/nwfsc/ggoetz/202301-dungeness_crab-transcriptome/salmon/all.megan6/CH03-04.quant/logs
[2023-09-21 07:00:31.030] [jointLog] [info] setting maxHashResizeThreads to 20
[2023-09-21 07:00:31.030] [jointLog] [info] Fragment incompatibility prior below threshold.  Incompatible fragments will be ignored.
[2023-09-21 07:00:31.030] [jointLog] [info] Usage of --validateMappings implies use of minScoreFraction. Since not explicitly specified, it is being set to 0.65
[2023-09-21 07:00:31.030] [jointLog] [info] Setting consensusSlack to selective-alignment default of 0.35.
[2023-09-21 07:00:31.030] [jointLog] [info] parsing read library format
[2023-09-21 07:00:31.031] [jointLog] [info] There is 1 library.
[2023-09-21 07:00:31.031] [jointLog] [info] Loading pufferfish index
[2023-09-21 07:00:31.032] [jointLog] [info] Loading dense pufferfish index.
-----------------------------------------
| Loading contig table | Time = 55.605 ms
-----------------------------------------
size = 437842
-----------------------------------------
| Loading contig offsets | Time = 1.6504 ms
-----------------------------------------
-----------------------------------------
| Loading reference lengths | Time = 978.02 us
-----------------------------------------
-----------------------------------------
| Loading mphf table | Time = 35.194 ms
-----------------------------------------
size = 94501831
Number of ones: 437841
Number of ones per inventory item: 512
Inventory entries filled: 856
-----------------------------------------
| Loading contig boundaries | Time = 160.38 ms
-----------------------------------------
size = 94501831
-----------------------------------------
| Loading sequence | Time = 19.633 ms
-----------------------------------------
size = 81366601
-----------------------------------------
| Loading positions | Time = 221.81 ms
-----------------------------------------
size = 133861661
-----------------------------------------
| Loading reference sequence | Time = 26.701 ms
-----------------------------------------
-----------------------------------------
| Loading reference accumulative lengths | Time = 2.7471 ms
-----------------------------------------
[2023-09-21 07:00:31.559] [jointLog] [info] done
[2023-09-21 07:00:31.638] [jointLog] [info] Index contained 191,492 targets
[2023-09-21 07:00:31.706] [jointLog] [info] Number of decoys : 0




[2023-09-21 07:00:32.375] [jointLog] [info] Automatically detected most likely library type as IU

[A[32mprocessed[31m 500,000 [32mfragments[0m
hits: 1,252,938, hits per frag:  2.61715[A[32mprocessed[31m 1,000,000 [32mfragments[0m
hits: 2,541,756, hits per frag:  2.6975[A[32mprocessed[31m 1,500,000 [32mfragments[0m
hits: 3,834,108, hits per frag:  2.70749[A[32mprocessed[31m 2,000,000 [32mfragments[0m
hits: 5,105,518, hits per frag:  2.6552[A[32mprocessed[31m 2,500,000 [32mfragments[0m
hits: 6,403,856, hits per frag:  2.59753[A[32mprocessed[31m 3,000,000 [32mfragments[0m
hits: 7,700,876, hits per frag:  2.64236[A[32mprocessed[31m 3,500,000 [32mfragments[0m
hits: 8,985,067, hits per frag:  2.62136[A[32mprocessed[31m 4,000,000 [32mfragments[0m
hits: 10,288,024, hits per frag:  2.6207[A[32mprocessed[31m 4,500,000 [32mfragments[0m
hits: 11,592,249, hits per frag:  2.61691







[2023-09-21 07:00:49.035] [jointLog] [info] Computed 71,951 rich equivalence classes for further processing
[2023-09-21 07:00:49.035] [jointLog] [info] Counted 4,335,185 total reads in the equivalence classes 
[2023-09-21 07:00:49.043] [jointLog] [info] Number of mappings discarded because of alignment score : 945,886
[2023-09-21 07:00:49.043] [jointLog] [info] Number of fragments entirely discarded because of alignment score : 173,361
[2023-09-21 07:00:49.043] [jointLog] [info] Number of fragments discarded because they are best-mapped to decoys : 0
[2023-09-21 07:00:49.043] [jointLog] [info] Number of fragments discarded because they have only dovetail (discordant) mappings to valid targets : 141,500
[2023-09-21 07:00:49.071] [jointLog] [warning] Only 4335185 fragments were mapped, but the number of burn-in fragments was set to 5000000.
The effective lengths have been computed using the observed mappings.

[2023-09-21 07:00:49.071] [jointLog] [info] Mapping rate = 95.9169%

[2023-09-21 07:00:49.071] [jointLog] [info] finished quantifyLibrary()
[2023-09-21 07:00:49.072] [jointLog] [info] Starting optimizer
[2023-09-21 07:00:49.177] [jointLog] [info] Marked 0 weighted equivalence classes as degenerate
[2023-09-21 07:00:49.188] [jointLog] [info] iteration = 0 | max rel diff. = 2010.33
[2023-09-21 07:00:50.144] [jointLog] [info] iteration = 100 | max rel diff. = 7.63421
[2023-09-21 07:00:51.100] [jointLog] [info] iteration = 200 | max rel diff. = 0.202365
[2023-09-21 07:00:52.052] [jointLog] [info] iteration = 300 | max rel diff. = 0.853556
[2023-09-21 07:00:53.004] [jointLog] [info] iteration = 400 | max rel diff. = 0.579693
[2023-09-21 07:00:53.955] [jointLog] [info] iteration = 500 | max rel diff. = 6.24842
[2023-09-21 07:00:54.916] [jointLog] [info] iteration = 600 | max rel diff. = 0.0496769
[2023-09-21 07:00:55.867] [jointLog] [info] iteration = 700 | max rel diff. = 0.0446688
[2023-09-21 07:00:56.485] [jointLog] [info] iteration = 766 | max rel diff. = 0.00966724
[2023-09-21 07:00:56.541] [jointLog] [info] Finished optimizer
[2023-09-21 07:00:56.541] [jointLog] [info] writing output 

