Version Info: ### PLEASE UPGRADE SALMON ###
### A newer version of salmon with important bug fixes and improvements is available. ####
###
The newest version, available at https://github.com/COMBINE-lab/salmon/releases
contains new features, improvements, and bug fixes; please upgrade at your
earliest convenience.
###
Sign up for the salmon mailing list to hear about new versions, features and updates at:
https://oceangenomics.com/subscribe
### salmon (selective-alignment-based) v1.9.0
### [ program ] => salmon 
### [ command ] => quant 
### [ index ] => { /share/nwfsc/ggoetz/202301-dungeness_crab-transcriptome/ref/salmon/all.megan6 }
### [ libType ] => { A }
### [ output ] => { /share/nwfsc/ggoetz/202301-dungeness_crab-transcriptome/salmon/all.megan6/CH05-07.quant }
### [ mates1 ] => { /share/nwfsc/ggoetz/202301-dungeness_crab-transcriptome/megan6/reads/20230730.mmag.CH05-07.trimmed.megan_R1.fq.gz }
### [ mates2 ] => { /share/nwfsc/ggoetz/202301-dungeness_crab-transcriptome/megan6/reads/20230730.mmag.CH05-07.trimmed.megan_R2.fq.gz }
### [ validateMappings ] => { }
### [ threads ] => { 20 }
Logs will be written to /share/nwfsc/ggoetz/202301-dungeness_crab-transcriptome/salmon/all.megan6/CH05-07.quant/logs
[2023-09-21 07:01:04.061] [jointLog] [info] setting maxHashResizeThreads to 20
[2023-09-21 07:01:04.061] [jointLog] [info] Fragment incompatibility prior below threshold.  Incompatible fragments will be ignored.
[2023-09-21 07:01:04.061] [jointLog] [info] Usage of --validateMappings implies use of minScoreFraction. Since not explicitly specified, it is being set to 0.65
[2023-09-21 07:01:04.061] [jointLog] [info] Setting consensusSlack to selective-alignment default of 0.35.
[2023-09-21 07:01:04.061] [jointLog] [info] parsing read library format
[2023-09-21 07:01:04.061] [jointLog] [info] There is 1 library.
[2023-09-21 07:01:04.062] [jointLog] [info] Loading pufferfish index
[2023-09-21 07:01:04.062] [jointLog] [info] Loading dense pufferfish index.
-----------------------------------------
| Loading contig table | Time = 52.532 ms
-----------------------------------------
size = 437842
-----------------------------------------
| Loading contig offsets | Time = 1.1943 ms
-----------------------------------------
-----------------------------------------
| Loading reference lengths | Time = 521.19 us
-----------------------------------------
-----------------------------------------
| Loading mphf table | Time = 20.879 ms
-----------------------------------------
size = 94501831
Number of ones: 437841
Number of ones per inventory item: 512
Inventory entries filled: 856
-----------------------------------------
| Loading contig boundaries | Time = 154.83 ms
-----------------------------------------
size = 94501831
-----------------------------------------
| Loading sequence | Time = 14.918 ms
-----------------------------------------
size = 81366601
-----------------------------------------
| Loading positions | Time = 181.75 ms
-----------------------------------------
size = 133861661
-----------------------------------------
| Loading reference sequence | Time = 22.589 ms
-----------------------------------------
-----------------------------------------
| Loading reference accumulative lengths | Time = 1.4897 ms
-----------------------------------------




[2023-09-21 07:01:04.514] [jointLog] [info] done
[2023-09-21 07:01:04.553] [jointLog] [info] Index contained 191,492 targets
[2023-09-21 07:01:04.615] [jointLog] [info] Number of decoys : 0
[2023-09-21 07:01:05.339] [jointLog] [info] Automatically detected most likely library type as IU

[A[32mprocessed[31m 500,000 [32mfragments[0m
hits: 1,268,162, hits per frag:  2.85459[A[32mprocessed[31m 1,000,000 [32mfragments[0m
hits: 2,557,753, hits per frag:  2.59369[A[32mprocessed[31m 1,500,000 [32mfragments[0m
hits: 3,859,143, hits per frag:  2.67245[A[32mprocessed[31m 2,000,000 [32mfragments[0m
hits: 5,165,764, hits per frag:  2.59471[A[32mprocessed[31m 2,500,000 [32mfragments[0m
hits: 6,472,595, hits per frag:  2.64148[A[32mprocessed[31m 3,000,000 [32mfragments[0m
hits: 7,783,683, hits per frag:  2.70321[A[32mprocessed[31m 3,500,000 [32mfragments[0m
hits: 9,096,114, hits per frag:  2.64321[A[32mprocessed[31m 4,000,001 [32mfragments[0m
hits: 10,410,105, hits per frag:  2.6335[A[32mprocessed[31m 4,500,000 [32mfragments[0m
hits: 11,721,560, hits per frag:  2.6235[A[32mprocessed[31m 5,000,000 [32mfragments[0m
hits: 13,029,536, hits per frag:  2.62564







[2023-09-21 07:01:25.720] [jointLog] [info] Computed 89,302 rich equivalence classes for further processing
[2023-09-21 07:01:25.720] [jointLog] [info] Counted 5,094,093 total reads in the equivalence classes 
[2023-09-21 07:01:25.729] [jointLog] [info] Number of mappings discarded because of alignment score : 1,362,404
[2023-09-21 07:01:25.729] [jointLog] [info] Number of fragments entirely discarded because of alignment score : 265,807
[2023-09-21 07:01:25.729] [jointLog] [info] Number of fragments discarded because they are best-mapped to decoys : 0
[2023-09-21 07:01:25.729] [jointLog] [info] Number of fragments discarded because they have only dovetail (discordant) mappings to valid targets : 175,237
[2023-09-21 07:01:25.729] [jointLog] [info] Mapping rate = 94.8161%

[2023-09-21 07:01:25.729] [jointLog] [info] finished quantifyLibrary()
[2023-09-21 07:01:25.730] [jointLog] [info] Starting optimizer
[2023-09-21 07:01:25.822] [jointLog] [info] Marked 0 weighted equivalence classes as degenerate
[2023-09-21 07:01:25.834] [jointLog] [info] iteration = 0 | max rel diff. = 2376.24
[2023-09-21 07:01:26.821] [jointLog] [info] iteration = 100 | max rel diff. = 4.00287
[2023-09-21 07:01:27.801] [jointLog] [info] iteration = 200 | max rel diff. = 6.25543
[2023-09-21 07:01:28.779] [jointLog] [info] iteration = 300 | max rel diff. = 0.0973
[2023-09-21 07:01:29.758] [jointLog] [info] iteration = 400 | max rel diff. = 0.060269
[2023-09-21 07:01:30.736] [jointLog] [info] iteration = 500 | max rel diff. = 0.262473
[2023-09-21 07:01:31.714] [jointLog] [info] iteration = 600 | max rel diff. = 1.65387
[2023-09-21 07:01:32.164] [jointLog] [info] iteration = 647 | max rel diff. = 0.00130316
[2023-09-21 07:01:32.198] [jointLog] [info] Finished optimizer
[2023-09-21 07:01:32.198] [jointLog] [info] writing output 

