Version Info: ### PLEASE UPGRADE SALMON ###
### A newer version of salmon with important bug fixes and improvements is available. ####
###
The newest version, available at https://github.com/COMBINE-lab/salmon/releases
contains new features, improvements, and bug fixes; please upgrade at your
earliest convenience.
###
Sign up for the salmon mailing list to hear about new versions, features and updates at:
https://oceangenomics.com/subscribe
### salmon (selective-alignment-based) v1.9.0
### [ program ] => salmon 
### [ command ] => quant 
### [ index ] => { /share/nwfsc/ggoetz/202301-dungeness_crab-transcriptome/ref/salmon/all.megan6 }
### [ libType ] => { A }
### [ output ] => { /share/nwfsc/ggoetz/202301-dungeness_crab-transcriptome/salmon/all.megan6/CH07-06.quant }
### [ mates1 ] => { /share/nwfsc/ggoetz/202301-dungeness_crab-transcriptome/megan6/reads/20230730.mmag.CH07-06.trimmed.megan_R1.fq.gz }
### [ mates2 ] => { /share/nwfsc/ggoetz/202301-dungeness_crab-transcriptome/megan6/reads/20230730.mmag.CH07-06.trimmed.megan_R2.fq.gz }
### [ validateMappings ] => { }
### [ threads ] => { 20 }
Logs will be written to /share/nwfsc/ggoetz/202301-dungeness_crab-transcriptome/salmon/all.megan6/CH07-06.quant/logs
[2023-09-21 07:01:33.623] [jointLog] [info] setting maxHashResizeThreads to 20
[2023-09-21 07:01:33.623] [jointLog] [info] Fragment incompatibility prior below threshold.  Incompatible fragments will be ignored.
[2023-09-21 07:01:33.623] [jointLog] [info] Usage of --validateMappings implies use of minScoreFraction. Since not explicitly specified, it is being set to 0.65
[2023-09-21 07:01:33.623] [jointLog] [info] Setting consensusSlack to selective-alignment default of 0.35.
[2023-09-21 07:01:33.623] [jointLog] [info] parsing read library format
[2023-09-21 07:01:33.623] [jointLog] [info] There is 1 library.
[2023-09-21 07:01:33.623] [jointLog] [info] Loading pufferfish index
[2023-09-21 07:01:33.623] [jointLog] [info] Loading dense pufferfish index.
-----------------------------------------
| Loading contig table | Time = 51.72 ms
-----------------------------------------
size = 437842
-----------------------------------------
| Loading contig offsets | Time = 1.1153 ms
-----------------------------------------
-----------------------------------------
| Loading reference lengths | Time = 456.49 us
-----------------------------------------
-----------------------------------------
| Loading mphf table | Time = 19.436 ms
-----------------------------------------
size = 94501831
Number of ones: 437841
Number of ones per inventory item: 512
Inventory entries filled: 856
-----------------------------------------
| Loading contig boundaries | Time = 154.61 ms
-----------------------------------------
size = 94501831
-----------------------------------------
| Loading sequence | Time = 13.769 ms
-----------------------------------------
size = 81366601
-----------------------------------------
| Loading positions | Time = 156.64 ms
-----------------------------------------
size = 133861661
-----------------------------------------
| Loading reference sequence | Time = 19.639 ms
-----------------------------------------
-----------------------------------------
| Loading reference accumulative lengths | Time = 1.2408 ms
-----------------------------------------




[2023-09-21 07:01:34.043] [jointLog] [info] done
[2023-09-21 07:01:34.081] [jointLog] [info] Index contained 191,492 targets
[2023-09-21 07:01:34.140] [jointLog] [info] Number of decoys : 0
[2023-09-21 07:01:34.832] [jointLog] [info] Automatically detected most likely library type as IU

[A[32mprocessed[31m 500,000 [32mfragments[0m
hits: 1,208,205, hits per frag:  2.60142[A[32mprocessed[31m 1,000,001 [32mfragments[0m
hits: 2,437,026, hits per frag:  2.49224[A[32mprocessed[31m 1,500,000 [32mfragments[0m
hits: 3,676,470, hits per frag:  2.5212[A[32mprocessed[31m 2,000,000 [32mfragments[0m
hits: 4,921,965, hits per frag:  2.48041[A[32mprocessed[31m 2,500,000 [32mfragments[0m
hits: 6,165,832, hits per frag:  2.54159[A[32mprocessed[31m 3,000,000 [32mfragments[0m
hits: 7,416,712, hits per frag:  2.47941[A[32mprocessed[31m 3,500,000 [32mfragments[0m
hits: 8,665,351, hits per frag:  2.54087[A[32mprocessed[31m 4,000,000 [32mfragments[0m
hits: 9,917,640, hits per frag:  2.52569[A[32mprocessed[31m 4,500,000 [32mfragments[0m
hits: 11,168,643, hits per frag:  2.49244[A[32mprocessed[31m 5,000,000 [32mfragments[0m
hits: 12,414,500, hits per frag:  2.50418







[2023-09-21 07:01:54.897] [jointLog] [info] Computed 73,607 rich equivalence classes for further processing
[2023-09-21 07:01:54.897] [jointLog] [info] Counted 5,146,162 total reads in the equivalence classes 
[2023-09-21 07:01:54.906] [jointLog] [info] Number of mappings discarded because of alignment score : 1,221,602
[2023-09-21 07:01:54.906] [jointLog] [info] Number of fragments entirely discarded because of alignment score : 219,528
[2023-09-21 07:01:54.906] [jointLog] [info] Number of fragments discarded because they are best-mapped to decoys : 0
[2023-09-21 07:01:54.906] [jointLog] [info] Number of fragments discarded because they have only dovetail (discordant) mappings to valid targets : 174,925
[2023-09-21 07:01:54.906] [jointLog] [info] Mapping rate = 95.6072%

[2023-09-21 07:01:54.906] [jointLog] [info] finished quantifyLibrary()
[2023-09-21 07:01:54.907] [jointLog] [info] Starting optimizer
[2023-09-21 07:01:54.993] [jointLog] [info] Marked 0 weighted equivalence classes as degenerate
[2023-09-21 07:01:55.004] [jointLog] [info] iteration = 0 | max rel diff. = 2380.19
[2023-09-21 07:01:55.964] [jointLog] [info] iteration = 100 | max rel diff. = 5.28332
[2023-09-21 07:01:56.917] [jointLog] [info] iteration = 200 | max rel diff. = 1.67869
[2023-09-21 07:01:57.877] [jointLog] [info] iteration = 300 | max rel diff. = 1.04736
[2023-09-21 07:01:58.833] [jointLog] [info] iteration = 400 | max rel diff. = 10.3182
[2023-09-21 07:01:59.787] [jointLog] [info] iteration = 500 | max rel diff. = 0.18689
[2023-09-21 07:02:00.741] [jointLog] [info] iteration = 600 | max rel diff. = 0.0273679
[2023-09-21 07:02:01.698] [jointLog] [info] iteration = 700 | max rel diff. = 0.0487388
[2023-09-21 07:02:01.908] [jointLog] [info] iteration = 723 | max rel diff. = 0.00242098
[2023-09-21 07:02:01.957] [jointLog] [info] Finished optimizer
[2023-09-21 07:02:01.957] [jointLog] [info] writing output 

