Version Info: ### PLEASE UPGRADE SALMON ###
### A newer version of salmon with important bug fixes and improvements is available. ####
###
The newest version, available at https://github.com/COMBINE-lab/salmon/releases
contains new features, improvements, and bug fixes; please upgrade at your
earliest convenience.
###
Sign up for the salmon mailing list to hear about new versions, features and updates at:
https://oceangenomics.com/subscribe
### salmon (selective-alignment-based) v1.9.0
### [ program ] => salmon 
### [ command ] => quant 
### [ index ] => { /share/nwfsc/ggoetz/202301-dungeness_crab-transcriptome/ref/salmon/all.megan6 }
### [ libType ] => { A }
### [ output ] => { /share/nwfsc/ggoetz/202301-dungeness_crab-transcriptome/salmon/all.megan6/CH09-28.quant }
### [ mates1 ] => { /share/nwfsc/ggoetz/202301-dungeness_crab-transcriptome/megan6/reads/20230730.mmag.CH09-28.trimmed.megan_R1.fq.gz }
### [ mates2 ] => { /share/nwfsc/ggoetz/202301-dungeness_crab-transcriptome/megan6/reads/20230730.mmag.CH09-28.trimmed.megan_R2.fq.gz }
### [ validateMappings ] => { }
### [ threads ] => { 20 }
Logs will be written to /share/nwfsc/ggoetz/202301-dungeness_crab-transcriptome/salmon/all.megan6/CH09-28.quant/logs
[2023-09-21 07:02:03.171] [jointLog] [info] setting maxHashResizeThreads to 20
[2023-09-21 07:02:03.171] [jointLog] [info] Fragment incompatibility prior below threshold.  Incompatible fragments will be ignored.
[2023-09-21 07:02:03.171] [jointLog] [info] Usage of --validateMappings implies use of minScoreFraction. Since not explicitly specified, it is being set to 0.65
[2023-09-21 07:02:03.171] [jointLog] [info] Setting consensusSlack to selective-alignment default of 0.35.
[2023-09-21 07:02:03.171] [jointLog] [info] parsing read library format
[2023-09-21 07:02:03.171] [jointLog] [info] There is 1 library.
[2023-09-21 07:02:03.171] [jointLog] [info] Loading pufferfish index
[2023-09-21 07:02:03.171] [jointLog] [info] Loading dense pufferfish index.
-----------------------------------------
| Loading contig table | Time = 52.867 ms
-----------------------------------------
size = 437842
-----------------------------------------
| Loading contig offsets | Time = 1.1544 ms
-----------------------------------------
-----------------------------------------
| Loading reference lengths | Time = 525.75 us
-----------------------------------------
-----------------------------------------
| Loading mphf table | Time = 22.34 ms
-----------------------------------------
size = 94501831
Number of ones: 437841
Number of ones per inventory item: 512
Inventory entries filled: 856
-----------------------------------------
| Loading contig boundaries | Time = 155.77 ms
-----------------------------------------
size = 94501831
-----------------------------------------
| Loading sequence | Time = 14.997 ms
-----------------------------------------
size = 81366601
-----------------------------------------
| Loading positions | Time = 164.28 ms
-----------------------------------------
size = 133861661
-----------------------------------------
| Loading reference sequence | Time = 20.347 ms
-----------------------------------------
-----------------------------------------
| Loading reference accumulative lengths | Time = 1.4009 ms
-----------------------------------------




[2023-09-21 07:02:03.606] [jointLog] [info] done
[2023-09-21 07:02:03.645] [jointLog] [info] Index contained 191,492 targets
[2023-09-21 07:02:03.695] [jointLog] [info] Number of decoys : 0
[2023-09-21 07:02:04.427] [jointLog] [info] Automatically detected most likely library type as IU

[A[32mprocessed[31m 500,001 [32mfragments[0m
hits: 1,341,613, hits per frag:  3.02808[A[32mprocessed[31m 1,000,000 [32mfragments[0m
hits: 2,732,552, hits per frag:  2.96612[A[32mprocessed[31m 1,500,000 [32mfragments[0m
hits: 4,115,417, hits per frag:  2.80707[A[32mprocessed[31m 2,000,000 [32mfragments[0m
hits: 5,494,381, hits per frag:  2.8323[A[32mprocessed[31m 2,500,000 [32mfragments[0m
hits: 6,899,032, hits per frag:  2.848[A[32mprocessed[31m 3,000,002 [32mfragments[0m
hits: 8,282,314, hits per frag:  2.84269[A[32mprocessed[31m 3,500,000 [32mfragments[0m
hits: 9,683,240, hits per frag:  2.77543[A[32mprocessed[31m 4,000,000 [32mfragments[0m
hits: 11,091,849, hits per frag:  2.82928







[2023-09-21 07:02:20.415] [jointLog] [info] Computed 75,284 rich equivalence classes for further processing
[2023-09-21 07:02:20.415] [jointLog] [info] Counted 4,151,780 total reads in the equivalence classes 
[2023-09-21 07:02:20.423] [jointLog] [info] Number of mappings discarded because of alignment score : 1,077,096
[2023-09-21 07:02:20.423] [jointLog] [info] Number of fragments entirely discarded because of alignment score : 187,362
[2023-09-21 07:02:20.423] [jointLog] [info] Number of fragments discarded because they are best-mapped to decoys : 0
[2023-09-21 07:02:20.423] [jointLog] [info] Number of fragments discarded because they have only dovetail (discordant) mappings to valid targets : 184,519
[2023-09-21 07:02:20.446] [jointLog] [warning] Only 4151780 fragments were mapped, but the number of burn-in fragments was set to 5000000.
The effective lengths have been computed using the observed mappings.

[2023-09-21 07:02:20.446] [jointLog] [info] Mapping rate = 94.9798%

[2023-09-21 07:02:20.446] [jointLog] [info] finished quantifyLibrary()
[2023-09-21 07:02:20.447] [jointLog] [info] Starting optimizer
[2023-09-21 07:02:20.523] [jointLog] [info] Marked 0 weighted equivalence classes as degenerate
[2023-09-21 07:02:20.535] [jointLog] [info] iteration = 0 | max rel diff. = 1985.25
[2023-09-21 07:02:21.506] [jointLog] [info] iteration = 100 | max rel diff. = 12.2967
[2023-09-21 07:02:22.470] [jointLog] [info] iteration = 200 | max rel diff. = 1.06594
[2023-09-21 07:02:23.435] [jointLog] [info] iteration = 300 | max rel diff. = 3.32403
[2023-09-21 07:02:24.399] [jointLog] [info] iteration = 400 | max rel diff. = 0.0116509
[2023-09-21 07:02:25.361] [jointLog] [info] iteration = 500 | max rel diff. = 0.034692
[2023-09-21 07:02:26.133] [jointLog] [info] iteration = 581 | max rel diff. = 0.00457483
[2023-09-21 07:02:26.161] [jointLog] [info] Finished optimizer
[2023-09-21 07:02:26.161] [jointLog] [info] writing output 

