Version Info: ### PLEASE UPGRADE SALMON ###
### A newer version of salmon with important bug fixes and improvements is available. ####
###
The newest version, available at https://github.com/COMBINE-lab/salmon/releases
contains new features, improvements, and bug fixes; please upgrade at your
earliest convenience.
###
Sign up for the salmon mailing list to hear about new versions, features and updates at:
https://oceangenomics.com/subscribe
### salmon (selective-alignment-based) v1.9.0
### [ program ] => salmon 
### [ command ] => quant 
### [ index ] => { /share/nwfsc/ggoetz/202301-dungeness_crab-transcriptome/ref/salmon/all.megan6 }
### [ libType ] => { A }
### [ output ] => { /share/nwfsc/ggoetz/202301-dungeness_crab-transcriptome/salmon/all.megan6/CH09-02.quant }
### [ mates1 ] => { /share/nwfsc/ggoetz/202301-dungeness_crab-transcriptome/megan6/reads/20230730.mmag.CH09-02.trimmed.megan_R1.fq.gz }
### [ mates2 ] => { /share/nwfsc/ggoetz/202301-dungeness_crab-transcriptome/megan6/reads/20230730.mmag.CH09-02.trimmed.megan_R2.fq.gz }
### [ validateMappings ] => { }
### [ threads ] => { 20 }
Logs will be written to /share/nwfsc/ggoetz/202301-dungeness_crab-transcriptome/salmon/all.megan6/CH09-02.quant/logs
[2023-09-21 07:01:59.488] [jointLog] [info] setting maxHashResizeThreads to 20
[2023-09-21 07:01:59.488] [jointLog] [info] Fragment incompatibility prior below threshold.  Incompatible fragments will be ignored.
[2023-09-21 07:01:59.488] [jointLog] [info] Usage of --validateMappings implies use of minScoreFraction. Since not explicitly specified, it is being set to 0.65
[2023-09-21 07:01:59.488] [jointLog] [info] Setting consensusSlack to selective-alignment default of 0.35.
[2023-09-21 07:01:59.488] [jointLog] [info] parsing read library format
[2023-09-21 07:01:59.488] [jointLog] [info] There is 1 library.
[2023-09-21 07:01:59.489] [jointLog] [info] Loading pufferfish index
[2023-09-21 07:01:59.489] [jointLog] [info] Loading dense pufferfish index.
-----------------------------------------
| Loading contig table | Time = 54.308 ms
-----------------------------------------
size = 437842
-----------------------------------------
| Loading contig offsets | Time = 1.2371 ms
-----------------------------------------
-----------------------------------------
| Loading reference lengths | Time = 485.3 us
-----------------------------------------
-----------------------------------------
| Loading mphf table | Time = 19.951 ms
-----------------------------------------
size = 94501831
Number of ones: 437841
Number of ones per inventory item: 512
Inventory entries filled: 856
-----------------------------------------
| Loading contig boundaries | Time = 154.93 ms
-----------------------------------------
size = 94501831
-----------------------------------------
| Loading sequence | Time = 14.994 ms
-----------------------------------------
size = 81366601
-----------------------------------------
| Loading positions | Time = 164.57 ms
-----------------------------------------
size = 133861661
-----------------------------------------
| Loading reference sequence | Time = 20.19 ms
-----------------------------------------
-----------------------------------------
| Loading reference accumulative lengths | Time = 1.3111 ms
-----------------------------------------




[2023-09-21 07:01:59.922] [jointLog] [info] done
[2023-09-21 07:01:59.992] [jointLog] [info] Index contained 191,492 targets
[2023-09-21 07:02:00.056] [jointLog] [info] Number of decoys : 0
[2023-09-21 07:02:00.739] [jointLog] [info] Automatically detected most likely library type as IU

[A[32mprocessed[31m 500,000 [32mfragments[0m
hits: 1,268,896, hits per frag:  2.5859[A[32mprocessed[31m 1,000,000 [32mfragments[0m
hits: 2,565,214, hits per frag:  2.79157[A[32mprocessed[31m 1,500,000 [32mfragments[0m
hits: 3,865,916, hits per frag:  2.70484[A[32mprocessed[31m 2,000,000 [32mfragments[0m
hits: 5,171,251, hits per frag:  2.64076[A[32mprocessed[31m 2,500,000 [32mfragments[0m
hits: 6,472,595, hits per frag:  2.67679[A[32mprocessed[31m 3,000,000 [32mfragments[0m
hits: 7,766,375, hits per frag:  2.59495[A[32mprocessed[31m 3,500,000 [32mfragments[0m
hits: 9,072,722, hits per frag:  2.64911[A[32mprocessed[31m 4,000,000 [32mfragments[0m
hits: 10,381,276, hits per frag:  2.64309[A[32mprocessed[31m 4,500,001 [32mfragments[0m
hits: 11,693,833, hits per frag:  2.6279







[2023-09-21 07:02:19.127] [jointLog] [info] Computed 82,396 rich equivalence classes for further processing
[2023-09-21 07:02:19.127] [jointLog] [info] Counted 4,730,945 total reads in the equivalence classes 
[2023-09-21 07:02:19.135] [jointLog] [info] Number of mappings discarded because of alignment score : 980,281
[2023-09-21 07:02:19.135] [jointLog] [info] Number of fragments entirely discarded because of alignment score : 184,276
[2023-09-21 07:02:19.135] [jointLog] [info] Number of fragments discarded because they are best-mapped to decoys : 0
[2023-09-21 07:02:19.135] [jointLog] [info] Number of fragments discarded because they have only dovetail (discordant) mappings to valid targets : 142,130
[2023-09-21 07:02:19.165] [jointLog] [warning] Only 4730945 fragments were mapped, but the number of burn-in fragments was set to 5000000.
The effective lengths have been computed using the observed mappings.

[2023-09-21 07:02:19.165] [jointLog] [info] Mapping rate = 96.0123%

[2023-09-21 07:02:19.165] [jointLog] [info] finished quantifyLibrary()
[2023-09-21 07:02:19.165] [jointLog] [info] Starting optimizer
[2023-09-21 07:02:19.259] [jointLog] [info] Marked 0 weighted equivalence classes as degenerate
[2023-09-21 07:02:19.272] [jointLog] [info] iteration = 0 | max rel diff. = 2219.15
[2023-09-21 07:02:20.288] [jointLog] [info] iteration = 100 | max rel diff. = 2.70795
[2023-09-21 07:02:21.269] [jointLog] [info] iteration = 200 | max rel diff. = 0.691124
[2023-09-21 07:02:22.248] [jointLog] [info] iteration = 300 | max rel diff. = 3.57756
[2023-09-21 07:02:23.224] [jointLog] [info] iteration = 400 | max rel diff. = 0.209026
[2023-09-21 07:02:24.197] [jointLog] [info] iteration = 500 | max rel diff. = 0.0339499
[2023-09-21 07:02:25.166] [jointLog] [info] iteration = 600 | max rel diff. = 0.138752
[2023-09-21 07:02:26.140] [jointLog] [info] iteration = 700 | max rel diff. = 0.181606
[2023-09-21 07:02:26.412] [jointLog] [info] iteration = 729 | max rel diff. = 0.00254164
[2023-09-21 07:02:26.458] [jointLog] [info] Finished optimizer
[2023-09-21 07:02:26.458] [jointLog] [info] writing output 

