[2024-03-04 12:59:47.153] [jointLog] [info] setting maxHashResizeThreads to 20
[2024-03-04 12:59:47.153] [jointLog] [info] Fragment incompatibility prior below threshold.  Incompatible fragments will be ignored.
[2024-03-04 12:59:47.153] [jointLog] [info] Usage of --validateMappings implies use of minScoreFraction. Since not explicitly specified, it is being set to 0.65
[2024-03-04 12:59:47.153] [jointLog] [info] Setting consensusSlack to selective-alignment default of 0.35.
[2024-03-04 12:59:47.153] [jointLog] [info] parsing read library format
[2024-03-04 12:59:47.153] [jointLog] [info] There is 1 library.
[2024-03-04 12:59:47.154] [jointLog] [info] Loading pufferfish index
[2024-03-04 12:59:47.154] [jointLog] [info] Loading dense pufferfish index.
[2024-03-04 12:59:47.618] [jointLog] [info] done
[2024-03-04 12:59:47.694] [jointLog] [info] Index contained 191,492 targets
[2024-03-04 12:59:48.684] [jointLog] [info] Number of decoys : 0
[2024-03-04 12:59:49.704] [jointLog] [info] Automatically detected most likely library type as IU

[2024-03-04 13:03:47.148] [jointLog] [info] Computed 127,122 rich equivalence classes for further processing
[2024-03-04 13:03:47.148] [jointLog] [info] Counted 27,953,392 total reads in the equivalence classes 
[2024-03-04 13:03:47.157] [jointLog] [info] Number of mappings discarded because of alignment score : 250,375,589
[2024-03-04 13:03:47.157] [jointLog] [info] Number of fragments entirely discarded because of alignment score : 4,030,173
[2024-03-04 13:03:47.157] [jointLog] [info] Number of fragments discarded because they are best-mapped to decoys : 0
[2024-03-04 13:03:47.157] [jointLog] [info] Number of fragments discarded because they have only dovetail (discordant) mappings to valid targets : 1,489,317
[2024-03-04 13:03:47.157] [jointLog] [info] Mapping rate = 80.1964%

[2024-03-04 13:03:47.157] [jointLog] [info] finished quantifyLibrary()
[2024-03-04 13:03:47.159] [jointLog] [info] Starting optimizer
[2024-03-04 13:03:47.273] [jointLog] [info] Marked 0 weighted equivalence classes as degenerate
[2024-03-04 13:03:47.285] [jointLog] [info] iteration = 0 | max rel diff. = 6402.33
[2024-03-04 13:03:47.397] [jointLog] [info] iteration 11, adjusting effective lengths to account for biases
[2024-03-04 13:03:47.148] [fileLog] [info] 
At end of round 0
==================
Observed 34856189 total fragments (34856189 in most recent round)

[2024-03-04 13:03:53.693] [jointLog] [info] Computed expected counts (for bias correction)
[2024-03-04 13:03:53.693] [jointLog] [info] processed bias for 0.0% of the transcripts
[2024-03-04 13:03:53.811] [jointLog] [info] processed bias for 10.0% of the transcripts
[2024-03-04 13:03:54.047] [jointLog] [info] processed bias for 20.0% of the transcripts
[2024-03-04 13:03:54.283] [jointLog] [info] processed bias for 30.0% of the transcripts
[2024-03-04 13:03:54.520] [jointLog] [info] processed bias for 40.0% of the transcripts
[2024-03-04 13:03:54.910] [jointLog] [info] processed bias for 50.0% of the transcripts
[2024-03-04 13:03:55.716] [jointLog] [info] processed bias for 60.0% of the transcripts
[2024-03-04 13:03:56.508] [jointLog] [info] processed bias for 70.0% of the transcripts
[2024-03-04 13:03:57.573] [jointLog] [info] processed bias for 80.0% of the transcripts
[2024-03-04 13:03:58.896] [jointLog] [info] processed bias for 90.0% of the transcripts
[2024-03-04 13:04:00.177] [jointLog] [info] processed bias for 100.0% of the transcripts
[2024-03-04 13:04:01.163] [jointLog] [info] iteration = 100 | max rel diff. = 10.0885
[2024-03-04 13:04:02.239] [jointLog] [info] iteration = 200 | max rel diff. = 19.3286
[2024-03-04 13:04:03.289] [jointLog] [info] iteration = 300 | max rel diff. = 3.49834
[2024-03-04 13:04:04.338] [jointLog] [info] iteration = 400 | max rel diff. = 0.114387
[2024-03-04 13:04:05.388] [jointLog] [info] iteration = 500 | max rel diff. = 0.0769256
[2024-03-04 13:04:06.437] [jointLog] [info] iteration = 600 | max rel diff. = 0.0673633
[2024-03-04 13:04:07.487] [jointLog] [info] iteration = 700 | max rel diff. = 0.0343656
[2024-03-04 13:04:08.537] [jointLog] [info] iteration = 800 | max rel diff. = 0.11776
[2024-03-04 13:04:08.631] [jointLog] [info] iteration = 810 | max rel diff. = 0.00360835
[2024-03-04 13:04:08.683] [jointLog] [info] Finished optimizer
[2024-03-04 13:04:08.683] [jointLog] [info] writing output 

