[2023-10-03 15:07:24.214] [jointLog] [info] setting maxHashResizeThreads to 20
[2023-10-03 15:07:24.214] [jointLog] [info] Fragment incompatibility prior below threshold.  Incompatible fragments will be ignored.
[2023-10-03 15:07:24.214] [jointLog] [info] Usage of --validateMappings implies use of minScoreFraction. Since not explicitly specified, it is being set to 0.65
[2023-10-03 15:07:24.214] [jointLog] [info] Setting consensusSlack to selective-alignment default of 0.35.
[2023-10-03 15:07:24.214] [jointLog] [info] parsing read library format
[2023-10-03 15:07:24.214] [jointLog] [info] There is 1 library.
[2023-10-03 15:07:24.252] [jointLog] [info] Loading pufferfish index
[2023-10-03 15:07:24.260] [jointLog] [info] Loading dense pufferfish index.
[2023-10-03 15:07:25.194] [jointLog] [info] done
[2023-10-03 15:07:25.233] [jointLog] [info] Index contained 191,492 targets
[2023-10-03 15:07:25.284] [jointLog] [info] Number of decoys : 0
[2023-10-03 15:07:26.417] [jointLog] [info] Automatically detected most likely library type as IU

[2023-10-03 15:12:57.904] [jointLog] [info] Computed 138,621 rich equivalence classes for further processing
[2023-10-03 15:12:57.904] [jointLog] [info] Counted 23,480,333 total reads in the equivalence classes 
[2023-10-03 15:12:57.913] [jointLog] [info] Number of mappings discarded because of alignment score : 377,144,575
[2023-10-03 15:12:57.913] [jointLog] [info] Number of fragments entirely discarded because of alignment score : 5,320,615
[2023-10-03 15:12:57.913] [jointLog] [info] Number of fragments discarded because they are best-mapped to decoys : 0
[2023-10-03 15:12:57.913] [jointLog] [info] Number of fragments discarded because they have only dovetail (discordant) mappings to valid targets : 1,679,783
[2023-10-03 15:12:57.913] [jointLog] [info] Mapping rate = 71.0022%

[2023-10-03 15:12:57.913] [jointLog] [info] finished quantifyLibrary()
[2023-10-03 15:12:57.914] [jointLog] [info] Starting optimizer
[2023-10-03 15:12:58.018] [jointLog] [info] Marked 0 weighted equivalence classes as degenerate
[2023-10-03 15:12:58.031] [jointLog] [info] iteration = 0 | max rel diff. = 6459.36
[2023-10-03 15:12:57.905] [fileLog] [info] 
At end of round 0
==================
Observed 33069857 total fragments (33069857 in most recent round)

[2023-10-03 15:12:59.105] [jointLog] [info] iteration = 100 | max rel diff. = 10.9895
[2023-10-03 15:13:00.180] [jointLog] [info] iteration = 200 | max rel diff. = 4.47715
[2023-10-03 15:13:01.248] [jointLog] [info] iteration = 300 | max rel diff. = 5.5946
[2023-10-03 15:13:02.317] [jointLog] [info] iteration = 400 | max rel diff. = 0.547565
[2023-10-03 15:13:03.385] [jointLog] [info] iteration = 500 | max rel diff. = 0.268521
[2023-10-03 15:13:04.455] [jointLog] [info] iteration = 600 | max rel diff. = 0.420555
[2023-10-03 15:13:05.524] [jointLog] [info] iteration = 700 | max rel diff. = 0.0474484
[2023-10-03 15:13:06.593] [jointLog] [info] iteration = 800 | max rel diff. = 0.0496383
[2023-10-03 15:13:06.774] [jointLog] [info] iteration = 818 | max rel diff. = 0.00870669
[2023-10-03 15:13:06.810] [jointLog] [info] Finished optimizer
[2023-10-03 15:13:06.810] [jointLog] [info] writing output 

