[2023-09-21 07:02:27.551] [jointLog] [info] setting maxHashResizeThreads to 20
[2023-09-21 07:02:27.551] [jointLog] [info] Fragment incompatibility prior below threshold.  Incompatible fragments will be ignored.
[2023-09-21 07:02:27.551] [jointLog] [info] Usage of --validateMappings implies use of minScoreFraction. Since not explicitly specified, it is being set to 0.65
[2023-09-21 07:02:27.551] [jointLog] [info] Setting consensusSlack to selective-alignment default of 0.35.
[2023-09-21 07:02:27.551] [jointLog] [info] parsing read library format
[2023-09-21 07:02:27.551] [jointLog] [info] There is 1 library.
[2023-09-21 07:02:27.552] [jointLog] [info] Loading pufferfish index
[2023-09-21 07:02:27.552] [jointLog] [info] Loading dense pufferfish index.
[2023-09-21 07:02:27.992] [jointLog] [info] done
[2023-09-21 07:02:28.032] [jointLog] [info] Index contained 191,492 targets
[2023-09-21 07:02:28.085] [jointLog] [info] Number of decoys : 0
[2023-09-21 07:02:28.873] [jointLog] [info] Automatically detected most likely library type as IU

[2023-09-21 07:02:51.449] [jointLog] [info] Computed 81,374 rich equivalence classes for further processing
[2023-09-21 07:02:51.449] [jointLog] [info] Counted 5,756,793 total reads in the equivalence classes 
[2023-09-21 07:02:51.458] [jointLog] [info] Number of mappings discarded because of alignment score : 1,196,863
[2023-09-21 07:02:51.458] [jointLog] [info] Number of fragments entirely discarded because of alignment score : 224,584
[2023-09-21 07:02:51.458] [jointLog] [info] Number of fragments discarded because they are best-mapped to decoys : 0
[2023-09-21 07:02:51.458] [jointLog] [info] Number of fragments discarded because they have only dovetail (discordant) mappings to valid targets : 185,800
[2023-09-21 07:02:51.458] [jointLog] [info] Mapping rate = 96.0362%

[2023-09-21 07:02:51.458] [jointLog] [info] finished quantifyLibrary()
[2023-09-21 07:02:51.459] [jointLog] [info] Starting optimizer
[2023-09-21 07:02:51.549] [jointLog] [info] Marked 0 weighted equivalence classes as degenerate
[2023-09-21 07:02:51.562] [jointLog] [info] iteration = 0 | max rel diff. = 2577.67
[2023-09-21 07:02:51.449] [fileLog] [info] 
At end of round 0
==================
Observed 5994396 total fragments (5994396 in most recent round)

[2023-09-21 07:02:52.548] [jointLog] [info] iteration = 100 | max rel diff. = 15.8968
[2023-09-21 07:02:53.514] [jointLog] [info] iteration = 200 | max rel diff. = 4.87709
[2023-09-21 07:02:54.481] [jointLog] [info] iteration = 300 | max rel diff. = 1.6491
[2023-09-21 07:02:55.448] [jointLog] [info] iteration = 400 | max rel diff. = 0.136085
[2023-09-21 07:02:56.414] [jointLog] [info] iteration = 500 | max rel diff. = 0.0492987
[2023-09-21 07:02:57.382] [jointLog] [info] iteration = 600 | max rel diff. = 0.0931525
[2023-09-21 07:02:58.353] [jointLog] [info] iteration = 700 | max rel diff. = 0.0465153
[2023-09-21 07:02:58.559] [jointLog] [info] iteration = 722 | max rel diff. = 0.00987782
[2023-09-21 07:02:58.595] [jointLog] [info] Finished optimizer
[2023-09-21 07:02:58.595] [jointLog] [info] writing output 

