[2024-03-04 13:00:28.366] [jointLog] [info] setting maxHashResizeThreads to 20
[2024-03-04 13:00:28.366] [jointLog] [info] Fragment incompatibility prior below threshold.  Incompatible fragments will be ignored.
[2024-03-04 13:00:28.366] [jointLog] [info] Usage of --validateMappings implies use of minScoreFraction. Since not explicitly specified, it is being set to 0.65
[2024-03-04 13:00:28.366] [jointLog] [info] Setting consensusSlack to selective-alignment default of 0.35.
[2024-03-04 13:00:28.366] [jointLog] [info] parsing read library format
[2024-03-04 13:00:28.366] [jointLog] [info] There is 1 library.
[2024-03-04 13:00:28.367] [jointLog] [info] Loading pufferfish index
[2024-03-04 13:00:28.367] [jointLog] [info] Loading dense pufferfish index.
[2024-03-04 13:00:28.836] [jointLog] [info] done
[2024-03-04 13:00:28.914] [jointLog] [info] Index contained 191,492 targets
[2024-03-04 13:00:29.910] [jointLog] [info] Number of decoys : 0
[2024-03-04 13:00:30.991] [jointLog] [info] Automatically detected most likely library type as IU

[2024-03-04 13:03:57.328] [fileLog] [info] 
At end of round 0
==================
Observed 25643372 total fragments (25643372 in most recent round)

[2024-03-04 13:03:57.327] [jointLog] [info] Computed 128,105 rich equivalence classes for further processing
[2024-03-04 13:03:57.327] [jointLog] [info] Counted 18,969,968 total reads in the equivalence classes 
[2024-03-04 13:03:57.336] [jointLog] [info] Number of mappings discarded because of alignment score : 220,290,304
[2024-03-04 13:03:57.336] [jointLog] [info] Number of fragments entirely discarded because of alignment score : 3,755,435
[2024-03-04 13:03:57.336] [jointLog] [info] Number of fragments discarded because they are best-mapped to decoys : 0
[2024-03-04 13:03:57.336] [jointLog] [info] Number of fragments discarded because they have only dovetail (discordant) mappings to valid targets : 1,111,810
[2024-03-04 13:03:57.336] [jointLog] [info] Mapping rate = 73.9761%

[2024-03-04 13:03:57.336] [jointLog] [info] finished quantifyLibrary()
[2024-03-04 13:03:57.338] [jointLog] [info] Starting optimizer
[2024-03-04 13:03:57.438] [jointLog] [info] Marked 0 weighted equivalence classes as degenerate
[2024-03-04 13:03:57.451] [jointLog] [info] iteration = 0 | max rel diff. = 6136.97
[2024-03-04 13:03:57.559] [jointLog] [info] iteration 11, adjusting effective lengths to account for biases
[2024-03-04 13:04:03.453] [jointLog] [info] Computed expected counts (for bias correction)
[2024-03-04 13:04:03.453] [jointLog] [info] processed bias for 0.0% of the transcripts
[2024-03-04 13:04:03.807] [jointLog] [info] processed bias for 10.0% of the transcripts
[2024-03-04 13:04:04.207] [jointLog] [info] processed bias for 20.0% of the transcripts
[2024-03-04 13:04:04.577] [jointLog] [info] processed bias for 30.0% of the transcripts
[2024-03-04 13:04:04.924] [jointLog] [info] processed bias for 40.0% of the transcripts
[2024-03-04 13:04:05.281] [jointLog] [info] processed bias for 50.0% of the transcripts
[2024-03-04 13:04:05.725] [jointLog] [info] processed bias for 60.0% of the transcripts
[2024-03-04 13:04:06.333] [jointLog] [info] processed bias for 70.0% of the transcripts
[2024-03-04 13:04:07.246] [jointLog] [info] processed bias for 80.0% of the transcripts
[2024-03-04 13:04:08.313] [jointLog] [info] processed bias for 90.0% of the transcripts
[2024-03-04 13:04:09.544] [jointLog] [info] processed bias for 100.0% of the transcripts
[2024-03-04 13:04:10.492] [jointLog] [info] iteration = 100 | max rel diff. = 18.6024
[2024-03-04 13:04:11.543] [jointLog] [info] iteration = 200 | max rel diff. = 7.73259
[2024-03-04 13:04:12.594] [jointLog] [info] iteration = 300 | max rel diff. = 0.103695
[2024-03-04 13:04:13.644] [jointLog] [info] iteration = 400 | max rel diff. = 3.12048
[2024-03-04 13:04:14.697] [jointLog] [info] iteration = 500 | max rel diff. = 0.173139
[2024-03-04 13:04:15.747] [jointLog] [info] iteration = 600 | max rel diff. = 0.0478206
[2024-03-04 13:04:16.797] [jointLog] [info] iteration = 700 | max rel diff. = 0.0358058
[2024-03-04 13:04:17.847] [jointLog] [info] iteration = 800 | max rel diff. = 0.110473
[2024-03-04 13:04:18.120] [jointLog] [info] iteration = 827 | max rel diff. = 0.00707273
[2024-03-04 13:04:18.158] [jointLog] [info] Finished optimizer
[2024-03-04 13:04:18.158] [jointLog] [info] writing output 

