[2023-10-03 15:17:42.902] [jointLog] [info] setting maxHashResizeThreads to 20
[2023-10-03 15:17:42.902] [jointLog] [info] Fragment incompatibility prior below threshold.  Incompatible fragments will be ignored.
[2023-10-03 15:17:42.902] [jointLog] [info] Usage of --validateMappings implies use of minScoreFraction. Since not explicitly specified, it is being set to 0.65
[2023-10-03 15:17:42.902] [jointLog] [info] Setting consensusSlack to selective-alignment default of 0.35.
[2023-10-03 15:17:42.902] [jointLog] [info] parsing read library format
[2023-10-03 15:17:42.902] [jointLog] [info] There is 1 library.
[2023-10-03 15:17:42.903] [jointLog] [info] Loading pufferfish index
[2023-10-03 15:17:42.903] [jointLog] [info] Loading dense pufferfish index.
[2023-10-03 15:17:43.367] [jointLog] [info] done
[2023-10-03 15:17:43.407] [jointLog] [info] Index contained 191,492 targets
[2023-10-03 15:17:43.459] [jointLog] [info] Number of decoys : 0
[2023-10-03 15:17:44.633] [jointLog] [info] Automatically detected most likely library type as IU

[2023-10-03 15:24:31.848] [jointLog] [info] Computed 116,805 rich equivalence classes for further processing
[2023-10-03 15:24:31.848] [jointLog] [info] Counted 24,783,510 total reads in the equivalence classes 
[2023-10-03 15:24:31.856] [jointLog] [info] Number of mappings discarded because of alignment score : 527,115,124
[2023-10-03 15:24:31.856] [jointLog] [info] Number of fragments entirely discarded because of alignment score : 7,162,565
[2023-10-03 15:24:31.856] [jointLog] [info] Number of fragments discarded because they are best-mapped to decoys : 0
[2023-10-03 15:24:31.856] [jointLog] [info] Number of fragments discarded because they have only dovetail (discordant) mappings to valid targets : 2,040,524
[2023-10-03 15:24:31.856] [jointLog] [info] Mapping rate = 65.9733%

[2023-10-03 15:24:31.856] [jointLog] [info] finished quantifyLibrary()
[2023-10-03 15:24:31.857] [jointLog] [info] Starting optimizer
[2023-10-03 15:24:31.951] [jointLog] [info] Marked 0 weighted equivalence classes as degenerate
[2023-10-03 15:24:31.962] [jointLog] [info] iteration = 0 | max rel diff. = 6486.16
[2023-10-03 15:24:31.848] [fileLog] [info] 
At end of round 0
==================
Observed 37565968 total fragments (37565968 in most recent round)

[2023-10-03 15:24:33.005] [jointLog] [info] iteration = 100 | max rel diff. = 8.11843
[2023-10-03 15:24:34.043] [jointLog] [info] iteration = 200 | max rel diff. = 2.42772
[2023-10-03 15:24:35.081] [jointLog] [info] iteration = 300 | max rel diff. = 0.368894
[2023-10-03 15:24:36.120] [jointLog] [info] iteration = 400 | max rel diff. = 0.105193
[2023-10-03 15:24:37.159] [jointLog] [info] iteration = 500 | max rel diff. = 0.377273
[2023-10-03 15:24:38.040] [jointLog] [info] iteration = 586 | max rel diff. = 0.00866275
[2023-10-03 15:24:38.073] [jointLog] [info] Finished optimizer
[2023-10-03 15:24:38.073] [jointLog] [info] writing output 

