[2024-03-04 13:05:11.037] [jointLog] [info] setting maxHashResizeThreads to 20
[2024-03-04 13:05:11.037] [jointLog] [info] Fragment incompatibility prior below threshold.  Incompatible fragments will be ignored.
[2024-03-04 13:05:11.037] [jointLog] [info] Usage of --validateMappings implies use of minScoreFraction. Since not explicitly specified, it is being set to 0.65
[2024-03-04 13:05:11.037] [jointLog] [info] Setting consensusSlack to selective-alignment default of 0.35.
[2024-03-04 13:05:11.037] [jointLog] [info] parsing read library format
[2024-03-04 13:05:11.037] [jointLog] [info] There is 1 library.
[2024-03-04 13:05:11.038] [jointLog] [info] Loading pufferfish index
[2024-03-04 13:05:11.038] [jointLog] [info] Loading dense pufferfish index.
[2024-03-04 13:05:11.463] [jointLog] [info] done
[2024-03-04 13:05:11.521] [jointLog] [info] Index contained 191,492 targets
[2024-03-04 13:05:12.523] [jointLog] [info] Number of decoys : 0
[2024-03-04 13:05:13.731] [jointLog] [info] Automatically detected most likely library type as IU

[2024-03-04 13:10:12.942] [fileLog] [info] 
At end of round 0
==================
Observed 26308081 total fragments (26308081 in most recent round)

[2024-03-04 13:10:12.942] [jointLog] [info] Computed 129,545 rich equivalence classes for further processing
[2024-03-04 13:10:12.942] [jointLog] [info] Counted 17,051,405 total reads in the equivalence classes 
[2024-03-04 13:10:12.950] [jointLog] [info] Number of mappings discarded because of alignment score : 356,031,660
[2024-03-04 13:10:12.950] [jointLog] [info] Number of fragments entirely discarded because of alignment score : 4,832,970
[2024-03-04 13:10:12.950] [jointLog] [info] Number of fragments discarded because they are best-mapped to decoys : 0
[2024-03-04 13:10:12.950] [jointLog] [info] Number of fragments discarded because they have only dovetail (discordant) mappings to valid targets : 1,324,813
[2024-03-04 13:10:12.950] [jointLog] [info] Mapping rate = 64.8143%

[2024-03-04 13:10:12.950] [jointLog] [info] finished quantifyLibrary()
[2024-03-04 13:10:12.951] [jointLog] [info] Starting optimizer
[2024-03-04 13:10:13.050] [jointLog] [info] Marked 0 weighted equivalence classes as degenerate
[2024-03-04 13:10:13.062] [jointLog] [info] iteration = 0 | max rel diff. = 5781.84
[2024-03-04 13:10:13.173] [jointLog] [info] iteration 11, adjusting effective lengths to account for biases
[2024-03-04 13:10:19.089] [jointLog] [info] Computed expected counts (for bias correction)
[2024-03-04 13:10:19.089] [jointLog] [info] processed bias for 0.0% of the transcripts
[2024-03-04 13:10:19.359] [jointLog] [info] processed bias for 10.0% of the transcripts
[2024-03-04 13:10:19.772] [jointLog] [info] processed bias for 20.0% of the transcripts
[2024-03-04 13:10:20.094] [jointLog] [info] processed bias for 30.0% of the transcripts
[2024-03-04 13:10:20.538] [jointLog] [info] processed bias for 40.0% of the transcripts
[2024-03-04 13:10:20.908] [jointLog] [info] processed bias for 50.0% of the transcripts
[2024-03-04 13:10:21.507] [jointLog] [info] processed bias for 60.0% of the transcripts
[2024-03-04 13:10:22.043] [jointLog] [info] processed bias for 70.0% of the transcripts
[2024-03-04 13:10:22.432] [jointLog] [info] processed bias for 80.0% of the transcripts
[2024-03-04 13:10:23.209] [jointLog] [info] processed bias for 90.0% of the transcripts
[2024-03-04 13:10:25.007] [jointLog] [info] processed bias for 100.0% of the transcripts
[2024-03-04 13:10:25.958] [jointLog] [info] iteration = 100 | max rel diff. = 7.76921
[2024-03-04 13:10:27.011] [jointLog] [info] iteration = 200 | max rel diff. = 0.57105
[2024-03-04 13:10:28.064] [jointLog] [info] iteration = 300 | max rel diff. = 0.284328
[2024-03-04 13:10:29.116] [jointLog] [info] iteration = 400 | max rel diff. = 0.382675
[2024-03-04 13:10:30.169] [jointLog] [info] iteration = 500 | max rel diff. = 0.143689
[2024-03-04 13:10:31.221] [jointLog] [info] iteration = 600 | max rel diff. = 0.0358275
[2024-03-04 13:10:32.264] [jointLog] [info] iteration = 700 | max rel diff. = 0.00792258
[2024-03-04 13:10:32.301] [jointLog] [info] Finished optimizer
[2024-03-04 13:10:32.301] [jointLog] [info] writing output 

