                                 Started job on |	Jun 27 14:37:40
                             Started mapping on |	Jun 27 14:37:46
                                    Finished on |	Jun 27 15:00:19
       Mapping speed, Million of reads per hour |	46.33

                          Number of input reads |	17410777
                      Average input read length |	291
                                    UNIQUE READS:
                   Uniquely mapped reads number |	4418721
                        Uniquely mapped reads % |	25.38%
                          Average mapped length |	275.70
                       Number of splices: Total |	2100375
            Number of splices: Annotated (sjdb) |	384689
                       Number of splices: GT/AG |	2049672
                       Number of splices: GC/AG |	10897
                       Number of splices: AT/AC |	662
               Number of splices: Non-canonical |	39144
                      Mismatch rate per base, % |	1.01%
                         Deletion rate per base |	0.13%
                        Deletion average length |	2.72
                        Insertion rate per base |	0.16%
                       Insertion average length |	3.11
                             MULTI-MAPPING READS:
        Number of reads mapped to multiple loci |	245837
             % of reads mapped to multiple loci |	1.41%
        Number of reads mapped to too many loci |	15402
             % of reads mapped to too many loci |	0.09%
                                  UNMAPPED READS:
  Number of reads unmapped: too many mismatches |	0
       % of reads unmapped: too many mismatches |	0.00%
            Number of reads unmapped: too short |	12722327
                 % of reads unmapped: too short |	73.07%
                Number of reads unmapped: other |	8490
                     % of reads unmapped: other |	0.05%
                                  CHIMERIC READS:
                       Number of chimeric reads |	0
                            % of chimeric reads |	0.00%
