                                 Started job on |	Jun 27 19:10:28
                             Started mapping on |	Jun 27 19:10:32
                                    Finished on |	Jun 27 19:42:31
       Mapping speed, Million of reads per hour |	63.25

                          Number of input reads |	33716089
                      Average input read length |	291
                                    UNIQUE READS:
                   Uniquely mapped reads number |	12131537
                        Uniquely mapped reads % |	35.98%
                          Average mapped length |	272.07
                       Number of splices: Total |	1696339
            Number of splices: Annotated (sjdb) |	267702
                       Number of splices: GT/AG |	1542628
                       Number of splices: GC/AG |	10539
                       Number of splices: AT/AC |	871
               Number of splices: Non-canonical |	142301
                      Mismatch rate per base, % |	1.37%
                         Deletion rate per base |	0.21%
                        Deletion average length |	2.66
                        Insertion rate per base |	0.31%
                       Insertion average length |	3.45
                             MULTI-MAPPING READS:
        Number of reads mapped to multiple loci |	886487
             % of reads mapped to multiple loci |	2.63%
        Number of reads mapped to too many loci |	40149
             % of reads mapped to too many loci |	0.12%
                                  UNMAPPED READS:
  Number of reads unmapped: too many mismatches |	0
       % of reads unmapped: too many mismatches |	0.00%
            Number of reads unmapped: too short |	20629994
                 % of reads unmapped: too short |	61.19%
                Number of reads unmapped: other |	27922
                     % of reads unmapped: other |	0.08%
                                  CHIMERIC READS:
                       Number of chimeric reads |	0
                            % of chimeric reads |	0.00%
