                                 Started job on |	Jun 27 18:12:14
                             Started mapping on |	Jun 27 18:12:19
                                    Finished on |	Jun 27 18:43:20
       Mapping speed, Million of reads per hour |	46.29

                          Number of input reads |	23929632
                      Average input read length |	291
                                    UNIQUE READS:
                   Uniquely mapped reads number |	5544481
                        Uniquely mapped reads % |	23.17%
                          Average mapped length |	274.15
                       Number of splices: Total |	1588893
            Number of splices: Annotated (sjdb) |	279535
                       Number of splices: GT/AG |	1516645
                       Number of splices: GC/AG |	9584
                       Number of splices: AT/AC |	663
               Number of splices: Non-canonical |	62001
                      Mismatch rate per base, % |	1.20%
                         Deletion rate per base |	0.17%
                        Deletion average length |	2.83
                        Insertion rate per base |	0.24%
                       Insertion average length |	3.41
                             MULTI-MAPPING READS:
        Number of reads mapped to multiple loci |	371178
             % of reads mapped to multiple loci |	1.55%
        Number of reads mapped to too many loci |	21185
             % of reads mapped to too many loci |	0.09%
                                  UNMAPPED READS:
  Number of reads unmapped: too many mismatches |	0
       % of reads unmapped: too many mismatches |	0.00%
            Number of reads unmapped: too short |	17978174
                 % of reads unmapped: too short |	75.13%
                Number of reads unmapped: other |	14614
                     % of reads unmapped: other |	0.06%
                                  CHIMERIC READS:
                       Number of chimeric reads |	0
                            % of chimeric reads |	0.00%
