                                 Started job on |	Jun 27 20:56:12
                             Started mapping on |	Jun 27 20:56:16
                                    Finished on |	Jun 27 21:35:07
       Mapping speed, Million of reads per hour |	39.26

                          Number of input reads |	25418349
                      Average input read length |	292
                                    UNIQUE READS:
                   Uniquely mapped reads number |	3585528
                        Uniquely mapped reads % |	14.11%
                          Average mapped length |	280.22
                       Number of splices: Total |	2098671
            Number of splices: Annotated (sjdb) |	407445
                       Number of splices: GT/AG |	2058879
                       Number of splices: GC/AG |	11968
                       Number of splices: AT/AC |	560
               Number of splices: Non-canonical |	27264
                      Mismatch rate per base, % |	0.81%
                         Deletion rate per base |	0.09%
                        Deletion average length |	2.94
                        Insertion rate per base |	0.10%
                       Insertion average length |	3.12
                             MULTI-MAPPING READS:
        Number of reads mapped to multiple loci |	165929
             % of reads mapped to multiple loci |	0.65%
        Number of reads mapped to too many loci |	10584
             % of reads mapped to too many loci |	0.04%
                                  UNMAPPED READS:
  Number of reads unmapped: too many mismatches |	0
       % of reads unmapped: too many mismatches |	0.00%
            Number of reads unmapped: too short |	21649913
                 % of reads unmapped: too short |	85.17%
                Number of reads unmapped: other |	6395
                     % of reads unmapped: other |	0.03%
                                  CHIMERIC READS:
                       Number of chimeric reads |	0
                            % of chimeric reads |	0.00%
