                                 Started job on |	Jun 27 19:42:32
                             Started mapping on |	Jun 27 19:42:36
                                    Finished on |	Jun 27 20:21:04
       Mapping speed, Million of reads per hour |	46.50

                          Number of input reads |	29814692
                      Average input read length |	291
                                    UNIQUE READS:
                   Uniquely mapped reads number |	7343788
                        Uniquely mapped reads % |	24.63%
                          Average mapped length |	273.52
                       Number of splices: Total |	2181514
            Number of splices: Annotated (sjdb) |	380687
                       Number of splices: GT/AG |	2090375
                       Number of splices: GC/AG |	11699
                       Number of splices: AT/AC |	821
               Number of splices: Non-canonical |	78619
                      Mismatch rate per base, % |	1.16%
                         Deletion rate per base |	0.20%
                        Deletion average length |	2.73
                        Insertion rate per base |	0.21%
                       Insertion average length |	3.09
                             MULTI-MAPPING READS:
        Number of reads mapped to multiple loci |	403765
             % of reads mapped to multiple loci |	1.35%
        Number of reads mapped to too many loci |	19151
             % of reads mapped to too many loci |	0.06%
                                  UNMAPPED READS:
  Number of reads unmapped: too many mismatches |	0
       % of reads unmapped: too many mismatches |	0.00%
            Number of reads unmapped: too short |	22034511
                 % of reads unmapped: too short |	73.90%
                Number of reads unmapped: other |	13477
                     % of reads unmapped: other |	0.05%
                                  CHIMERIC READS:
                       Number of chimeric reads |	0
                            % of chimeric reads |	0.00%
