                                 Started job on |	Jun 27 21:35:07
                             Started mapping on |	Jun 27 21:35:12
                                    Finished on |	Jun 27 22:11:29
       Mapping speed, Million of reads per hour |	49.14

                          Number of input reads |	29715889
                      Average input read length |	297
                                    UNIQUE READS:
                   Uniquely mapped reads number |	8376368
                        Uniquely mapped reads % |	28.19%
                          Average mapped length |	279.75
                       Number of splices: Total |	1499486
            Number of splices: Annotated (sjdb) |	249257
                       Number of splices: GT/AG |	1321285
                       Number of splices: GC/AG |	8388
                       Number of splices: AT/AC |	635
               Number of splices: Non-canonical |	169178
                      Mismatch rate per base, % |	1.22%
                         Deletion rate per base |	0.13%
                        Deletion average length |	2.79
                        Insertion rate per base |	0.22%
                       Insertion average length |	3.55
                             MULTI-MAPPING READS:
        Number of reads mapped to multiple loci |	677647
             % of reads mapped to multiple loci |	2.28%
        Number of reads mapped to too many loci |	40393
             % of reads mapped to too many loci |	0.14%
                                  UNMAPPED READS:
  Number of reads unmapped: too many mismatches |	0
       % of reads unmapped: too many mismatches |	0.00%
            Number of reads unmapped: too short |	20585281
                 % of reads unmapped: too short |	69.27%
                Number of reads unmapped: other |	36200
                     % of reads unmapped: other |	0.12%
                                  CHIMERIC READS:
                       Number of chimeric reads |	0
                            % of chimeric reads |	0.00%
