                                 Started job on |	Jun 27 23:50:44
                             Started mapping on |	Jun 27 23:50:48
                                    Finished on |	Jun 28 00:35:53
       Mapping speed, Million of reads per hour |	50.00

                          Number of input reads |	37565968
                      Average input read length |	290
                                    UNIQUE READS:
                   Uniquely mapped reads number |	11451566
                        Uniquely mapped reads % |	30.48%
                          Average mapped length |	271.84
                       Number of splices: Total |	2692850
            Number of splices: Annotated (sjdb) |	426710
                       Number of splices: GT/AG |	2552678
                       Number of splices: GC/AG |	11822
                       Number of splices: AT/AC |	684
               Number of splices: Non-canonical |	127666
                      Mismatch rate per base, % |	1.21%
                         Deletion rate per base |	0.22%
                        Deletion average length |	2.79
                        Insertion rate per base |	0.24%
                       Insertion average length |	2.97
                             MULTI-MAPPING READS:
        Number of reads mapped to multiple loci |	659663
             % of reads mapped to multiple loci |	1.76%
        Number of reads mapped to too many loci |	28070
             % of reads mapped to too many loci |	0.07%
                                  UNMAPPED READS:
  Number of reads unmapped: too many mismatches |	0
       % of reads unmapped: too many mismatches |	0.00%
            Number of reads unmapped: too short |	25406101
                 % of reads unmapped: too short |	67.63%
                Number of reads unmapped: other |	20568
                     % of reads unmapped: other |	0.05%
                                  CHIMERIC READS:
                       Number of chimeric reads |	0
                            % of chimeric reads |	0.00%
