                                 Started job on |	Jun 28 00:35:55
                             Started mapping on |	Jun 28 00:35:59
                                    Finished on |	Jun 28 01:09:25
       Mapping speed, Million of reads per hour |	46.02

                          Number of input reads |	25643372
                      Average input read length |	291
                                    UNIQUE READS:
                   Uniquely mapped reads number |	6754302
                        Uniquely mapped reads % |	26.34%
                          Average mapped length |	276.26
                       Number of splices: Total |	2735474
            Number of splices: Annotated (sjdb) |	493335
                       Number of splices: GT/AG |	2657348
                       Number of splices: GC/AG |	12331
                       Number of splices: AT/AC |	816
               Number of splices: Non-canonical |	64979
                      Mismatch rate per base, % |	1.02%
                         Deletion rate per base |	0.15%
                        Deletion average length |	2.82
                        Insertion rate per base |	0.17%
                       Insertion average length |	2.89
                             MULTI-MAPPING READS:
        Number of reads mapped to multiple loci |	330271
             % of reads mapped to multiple loci |	1.29%
        Number of reads mapped to too many loci |	17082
             % of reads mapped to too many loci |	0.07%
                                  UNMAPPED READS:
  Number of reads unmapped: too many mismatches |	0
       % of reads unmapped: too many mismatches |	0.00%
            Number of reads unmapped: too short |	18529743
                 % of reads unmapped: too short |	72.26%
                Number of reads unmapped: other |	11974
                     % of reads unmapped: other |	0.05%
                                  CHIMERIC READS:
                       Number of chimeric reads |	0
                            % of chimeric reads |	0.00%
