                                 Started job on |	Jun 27 22:11:30
                             Started mapping on |	Jun 27 22:11:34
                                    Finished on |	Jun 27 22:34:38
       Mapping speed, Million of reads per hour |	73.37

                          Number of input reads |	28205577
                      Average input read length |	292
                                    UNIQUE READS:
                   Uniquely mapped reads number |	11508860
                        Uniquely mapped reads % |	40.80%
                          Average mapped length |	273.75
                       Number of splices: Total |	1408429
            Number of splices: Annotated (sjdb) |	229433
                       Number of splices: GT/AG |	1271354
                       Number of splices: GC/AG |	9591
                       Number of splices: AT/AC |	962
               Number of splices: Non-canonical |	126522
                      Mismatch rate per base, % |	1.38%
                         Deletion rate per base |	0.21%
                        Deletion average length |	2.61
                        Insertion rate per base |	0.33%
                       Insertion average length |	3.52
                             MULTI-MAPPING READS:
        Number of reads mapped to multiple loci |	859443
             % of reads mapped to multiple loci |	3.05%
        Number of reads mapped to too many loci |	39760
             % of reads mapped to too many loci |	0.14%
                                  UNMAPPED READS:
  Number of reads unmapped: too many mismatches |	0
       % of reads unmapped: too many mismatches |	0.00%
            Number of reads unmapped: too short |	15766445
                 % of reads unmapped: too short |	55.90%
                Number of reads unmapped: other |	31069
                     % of reads unmapped: other |	0.11%
                                  CHIMERIC READS:
                       Number of chimeric reads |	0
                            % of chimeric reads |	0.00%
