                                 Started job on |	Jun 28 01:09:26
                             Started mapping on |	Jun 28 01:09:30
                                    Finished on |	Jun 28 01:43:47
       Mapping speed, Million of reads per hour |	42.94

                          Number of input reads |	24533673
                      Average input read length |	291
                                    UNIQUE READS:
                   Uniquely mapped reads number |	4593627
                        Uniquely mapped reads % |	18.72%
                          Average mapped length |	274.83
                       Number of splices: Total |	1242801
            Number of splices: Annotated (sjdb) |	214057
                       Number of splices: GT/AG |	1185033
                       Number of splices: GC/AG |	8255
                       Number of splices: AT/AC |	681
               Number of splices: Non-canonical |	48832
                      Mismatch rate per base, % |	1.20%
                         Deletion rate per base |	0.17%
                        Deletion average length |	2.80
                        Insertion rate per base |	0.24%
                       Insertion average length |	3.46
                             MULTI-MAPPING READS:
        Number of reads mapped to multiple loci |	313193
             % of reads mapped to multiple loci |	1.28%
        Number of reads mapped to too many loci |	18432
             % of reads mapped to too many loci |	0.08%
                                  UNMAPPED READS:
  Number of reads unmapped: too many mismatches |	0
       % of reads unmapped: too many mismatches |	0.00%
            Number of reads unmapped: too short |	19597711
                 % of reads unmapped: too short |	79.88%
                Number of reads unmapped: other |	10710
                     % of reads unmapped: other |	0.04%
                                  CHIMERIC READS:
                       Number of chimeric reads |	0
                            % of chimeric reads |	0.00%
