                                 Started job on |	Jun 28 01:43:48
                             Started mapping on |	Jun 28 01:43:52
                                    Finished on |	Jun 28 02:15:26
       Mapping speed, Million of reads per hour |	42.26

                          Number of input reads |	22231075
                      Average input read length |	290
                                    UNIQUE READS:
                   Uniquely mapped reads number |	3918102
                        Uniquely mapped reads % |	17.62%
                          Average mapped length |	272.19
                       Number of splices: Total |	553249
            Number of splices: Annotated (sjdb) |	88165
                       Number of splices: GT/AG |	501973
                       Number of splices: GC/AG |	4110
                       Number of splices: AT/AC |	424
               Number of splices: Non-canonical |	46742
                      Mismatch rate per base, % |	1.36%
                         Deletion rate per base |	0.21%
                        Deletion average length |	2.68
                        Insertion rate per base |	0.31%
                       Insertion average length |	3.40
                             MULTI-MAPPING READS:
        Number of reads mapped to multiple loci |	285634
             % of reads mapped to multiple loci |	1.28%
        Number of reads mapped to too many loci |	15348
             % of reads mapped to too many loci |	0.07%
                                  UNMAPPED READS:
  Number of reads unmapped: too many mismatches |	0
       % of reads unmapped: too many mismatches |	0.00%
            Number of reads unmapped: too short |	17998660
                 % of reads unmapped: too short |	80.96%
                Number of reads unmapped: other |	13331
                     % of reads unmapped: other |	0.06%
                                  CHIMERIC READS:
                       Number of chimeric reads |	0
                            % of chimeric reads |	0.00%
