                                 Started job on |	Jun 28 02:34:45
                             Started mapping on |	Jun 28 02:34:49
                                    Finished on |	Jun 28 03:08:35
       Mapping speed, Million of reads per hour |	44.99

                          Number of input reads |	25317742
                      Average input read length |	293
                                    UNIQUE READS:
                   Uniquely mapped reads number |	6187662
                        Uniquely mapped reads % |	24.44%
                          Average mapped length |	278.95
                       Number of splices: Total |	2407033
            Number of splices: Annotated (sjdb) |	447332
                       Number of splices: GT/AG |	2336748
                       Number of splices: GC/AG |	12490
                       Number of splices: AT/AC |	715
               Number of splices: Non-canonical |	57080
                      Mismatch rate per base, % |	1.08%
                         Deletion rate per base |	0.15%
                        Deletion average length |	2.78
                        Insertion rate per base |	0.20%
                       Insertion average length |	3.42
                             MULTI-MAPPING READS:
        Number of reads mapped to multiple loci |	355091
             % of reads mapped to multiple loci |	1.40%
        Number of reads mapped to too many loci |	17033
             % of reads mapped to too many loci |	0.07%
                                  UNMAPPED READS:
  Number of reads unmapped: too many mismatches |	0
       % of reads unmapped: too many mismatches |	0.00%
            Number of reads unmapped: too short |	18745771
                 % of reads unmapped: too short |	74.04%
                Number of reads unmapped: other |	12185
                     % of reads unmapped: other |	0.05%
                                  CHIMERIC READS:
                       Number of chimeric reads |	0
                            % of chimeric reads |	0.00%
