[2023-09-21 07:01:10.963] [jointLog] [info] setting maxHashResizeThreads to 20
[2023-09-21 07:01:10.963] [jointLog] [info] Fragment incompatibility prior below threshold.  Incompatible fragments will be ignored.
[2023-09-21 07:01:10.963] [jointLog] [info] Usage of --validateMappings implies use of minScoreFraction. Since not explicitly specified, it is being set to 0.65
[2023-09-21 07:01:10.963] [jointLog] [info] Setting consensusSlack to selective-alignment default of 0.35.
[2023-09-21 07:01:10.963] [jointLog] [info] parsing read library format
[2023-09-21 07:01:10.963] [jointLog] [info] There is 1 library.
[2023-09-21 07:01:10.964] [jointLog] [info] Loading pufferfish index
[2023-09-21 07:01:10.964] [jointLog] [info] Loading dense pufferfish index.
[2023-09-21 07:01:11.409] [jointLog] [info] done
[2023-09-21 07:01:11.448] [jointLog] [info] Index contained 191,492 targets
[2023-09-21 07:01:11.498] [jointLog] [info] Number of decoys : 0
[2023-09-21 07:01:12.215] [jointLog] [info] Automatically detected most likely library type as IU

[2023-09-21 07:01:39.153] [jointLog] [info] Computed 90,185 rich equivalence classes for further processing
[2023-09-21 07:01:39.153] [jointLog] [info] Counted 7,038,186 total reads in the equivalence classes 
[2023-09-21 07:01:39.162] [jointLog] [info] Number of mappings discarded because of alignment score : 1,531,740
[2023-09-21 07:01:39.162] [jointLog] [info] Number of fragments entirely discarded because of alignment score : 275,311
[2023-09-21 07:01:39.162] [jointLog] [info] Number of fragments discarded because they are best-mapped to decoys : 0
[2023-09-21 07:01:39.162] [jointLog] [info] Number of fragments discarded because they have only dovetail (discordant) mappings to valid targets : 225,204
[2023-09-21 07:01:39.162] [jointLog] [info] Mapping rate = 96.0823%

[2023-09-21 07:01:39.162] [jointLog] [info] finished quantifyLibrary()
[2023-09-21 07:01:39.162] [jointLog] [info] Starting optimizer
[2023-09-21 07:01:39.153] [fileLog] [info] 
At end of round 0
==================
Observed 7325167 total fragments (7325167 in most recent round)

[2023-09-21 07:01:39.249] [jointLog] [info] Marked 0 weighted equivalence classes as degenerate
[2023-09-21 07:01:39.261] [jointLog] [info] iteration = 0 | max rel diff. = 3152
[2023-09-21 07:01:40.255] [jointLog] [info] iteration = 100 | max rel diff. = 13.0739
[2023-09-21 07:01:41.237] [jointLog] [info] iteration = 200 | max rel diff. = 1.29888
[2023-09-21 07:01:42.220] [jointLog] [info] iteration = 300 | max rel diff. = 0.521325
[2023-09-21 07:01:43.201] [jointLog] [info] iteration = 400 | max rel diff. = 0.0540456
[2023-09-21 07:01:44.183] [jointLog] [info] iteration = 500 | max rel diff. = 0.0634527
[2023-09-21 07:01:45.104] [jointLog] [info] iteration = 595 | max rel diff. = 0.00777751
[2023-09-21 07:01:45.135] [jointLog] [info] Finished optimizer
[2023-09-21 07:01:45.135] [jointLog] [info] writing output 

