[2023-09-21 07:01:49.987] [jointLog] [info] setting maxHashResizeThreads to 20
[2023-09-21 07:01:49.987] [jointLog] [info] Fragment incompatibility prior below threshold.  Incompatible fragments will be ignored.
[2023-09-21 07:01:49.987] [jointLog] [info] Usage of --validateMappings implies use of minScoreFraction. Since not explicitly specified, it is being set to 0.65
[2023-09-21 07:01:49.987] [jointLog] [info] Setting consensusSlack to selective-alignment default of 0.35.
[2023-09-21 07:01:49.987] [jointLog] [info] parsing read library format
[2023-09-21 07:01:49.987] [jointLog] [info] There is 1 library.
[2023-09-21 07:01:49.987] [jointLog] [info] Loading pufferfish index
[2023-09-21 07:01:49.987] [jointLog] [info] Loading dense pufferfish index.
[2023-09-21 07:01:50.438] [jointLog] [info] done
[2023-09-21 07:01:50.479] [jointLog] [info] Index contained 191,492 targets
[2023-09-21 07:01:50.528] [jointLog] [info] Number of decoys : 0
[2023-09-21 07:01:51.295] [jointLog] [info] Automatically detected most likely library type as IU

[2023-09-21 07:02:20.361] [jointLog] [info] Computed 84,797 rich equivalence classes for further processing
[2023-09-21 07:02:20.361] [jointLog] [info] Counted 7,031,523 total reads in the equivalence classes 
[2023-09-21 07:02:20.369] [jointLog] [info] Number of mappings discarded because of alignment score : 1,564,502
[2023-09-21 07:02:20.369] [jointLog] [info] Number of fragments entirely discarded because of alignment score : 303,556
[2023-09-21 07:02:20.369] [jointLog] [info] Number of fragments discarded because they are best-mapped to decoys : 0
[2023-09-21 07:02:20.369] [jointLog] [info] Number of fragments discarded because they have only dovetail (discordant) mappings to valid targets : 212,182
[2023-09-21 07:02:20.369] [jointLog] [info] Mapping rate = 95.6094%

[2023-09-21 07:02:20.369] [jointLog] [info] finished quantifyLibrary()
[2023-09-21 07:02:20.370] [jointLog] [info] Starting optimizer
[2023-09-21 07:02:20.461] [jointLog] [info] Marked 0 weighted equivalence classes as degenerate
[2023-09-21 07:02:20.473] [jointLog] [info] iteration = 0 | max rel diff. = 3145.8
[2023-09-21 07:02:20.361] [fileLog] [info] 
At end of round 0
==================
Observed 7354428 total fragments (7354428 in most recent round)

[2023-09-21 07:02:21.452] [jointLog] [info] iteration = 100 | max rel diff. = 19.2314
[2023-09-21 07:02:22.424] [jointLog] [info] iteration = 200 | max rel diff. = 0.651961
[2023-09-21 07:02:23.397] [jointLog] [info] iteration = 300 | max rel diff. = 0.801467
[2023-09-21 07:02:24.367] [jointLog] [info] iteration = 400 | max rel diff. = 0.0784829
[2023-09-21 07:02:25.339] [jointLog] [info] iteration = 500 | max rel diff. = 0.0838355
[2023-09-21 07:02:26.339] [jointLog] [info] iteration = 600 | max rel diff. = 0.0222135
[2023-09-21 07:02:26.851] [jointLog] [info] iteration = 652 | max rel diff. = 0.00376861
[2023-09-21 07:02:26.895] [jointLog] [info] Finished optimizer
[2023-09-21 07:02:26.895] [jointLog] [info] writing output 

