[2023-10-03 15:07:24.277] [jointLog] [info] setting maxHashResizeThreads to 20
[2023-10-03 15:07:24.277] [jointLog] [info] Fragment incompatibility prior below threshold.  Incompatible fragments will be ignored.
[2023-10-03 15:07:24.277] [jointLog] [info] Usage of --validateMappings implies use of minScoreFraction. Since not explicitly specified, it is being set to 0.65
[2023-10-03 15:07:24.277] [jointLog] [info] Setting consensusSlack to selective-alignment default of 0.35.
[2023-10-03 15:07:24.277] [jointLog] [info] parsing read library format
[2023-10-03 15:07:24.277] [jointLog] [info] There is 1 library.
[2023-10-03 15:07:24.278] [jointLog] [info] Loading pufferfish index
[2023-10-03 15:07:24.278] [jointLog] [info] Loading dense pufferfish index.
[2023-10-03 15:07:25.194] [jointLog] [info] done
[2023-10-03 15:07:25.232] [jointLog] [info] Index contained 191,492 targets
[2023-10-03 15:07:25.282] [jointLog] [info] Number of decoys : 0
[2023-10-03 15:07:26.322] [jointLog] [info] Automatically detected most likely library type as IU

[2023-10-03 15:10:17.771] [fileLog] [info] 
At end of round 0
==================
Observed 17410777 total fragments (17410777 in most recent round)

[2023-10-03 15:10:17.771] [jointLog] [info] Computed 117,565 rich equivalence classes for further processing
[2023-10-03 15:10:17.771] [jointLog] [info] Counted 12,239,841 total reads in the equivalence classes 
[2023-10-03 15:10:17.779] [jointLog] [info] Number of mappings discarded because of alignment score : 183,477,864
[2023-10-03 15:10:17.779] [jointLog] [info] Number of fragments entirely discarded because of alignment score : 3,001,360
[2023-10-03 15:10:17.779] [jointLog] [info] Number of fragments discarded because they are best-mapped to decoys : 0
[2023-10-03 15:10:17.779] [jointLog] [info] Number of fragments discarded because they have only dovetail (discordant) mappings to valid targets : 894,685
[2023-10-03 15:10:17.779] [jointLog] [info] Mapping rate = 70.3004%

[2023-10-03 15:10:17.779] [jointLog] [info] finished quantifyLibrary()
[2023-10-03 15:10:17.780] [jointLog] [info] Starting optimizer
[2023-10-03 15:10:18.085] [jointLog] [info] Marked 0 weighted equivalence classes as degenerate
[2023-10-03 15:10:18.096] [jointLog] [info] iteration = 0 | max rel diff. = 4787.74
[2023-10-03 15:10:19.137] [jointLog] [info] iteration = 100 | max rel diff. = 7.04809
[2023-10-03 15:10:20.173] [jointLog] [info] iteration = 200 | max rel diff. = 5.6789
[2023-10-03 15:10:21.209] [jointLog] [info] iteration = 300 | max rel diff. = 0.77725
[2023-10-03 15:10:22.246] [jointLog] [info] iteration = 400 | max rel diff. = 0.0924906
[2023-10-03 15:10:23.284] [jointLog] [info] iteration = 500 | max rel diff. = 0.314928
[2023-10-03 15:10:24.322] [jointLog] [info] iteration = 600 | max rel diff. = 0.443763
[2023-10-03 15:10:24.364] [jointLog] [info] iteration = 605 | max rel diff. = 0.00539148
[2023-10-03 15:10:24.395] [jointLog] [info] Finished optimizer
[2023-10-03 15:10:24.395] [jointLog] [info] writing output 

