[2024-03-04 13:03:38.139] [jointLog] [info] setting maxHashResizeThreads to 20
[2024-03-04 13:03:38.139] [jointLog] [info] Fragment incompatibility prior below threshold.  Incompatible fragments will be ignored.
[2024-03-04 13:03:38.139] [jointLog] [info] Usage of --validateMappings implies use of minScoreFraction. Since not explicitly specified, it is being set to 0.65
[2024-03-04 13:03:38.139] [jointLog] [info] Setting consensusSlack to selective-alignment default of 0.35.
[2024-03-04 13:03:38.139] [jointLog] [info] parsing read library format
[2024-03-04 13:03:38.139] [jointLog] [info] There is 1 library.
[2024-03-04 13:03:38.139] [jointLog] [info] Loading pufferfish index
[2024-03-04 13:03:38.139] [jointLog] [info] Loading dense pufferfish index.
[2024-03-04 13:03:38.597] [jointLog] [info] done
[2024-03-04 13:03:38.676] [jointLog] [info] Index contained 191,492 targets
[2024-03-04 13:03:39.671] [jointLog] [info] Number of decoys : 0
[2024-03-04 13:03:40.739] [jointLog] [info] Automatically detected most likely library type as IU

[2024-03-04 13:06:56.045] [fileLog] [info] 
At end of round 0
==================
Observed 24533673 total fragments (24533673 in most recent round)

[2024-03-04 13:06:56.045] [jointLog] [info] Computed 129,267 rich equivalence classes for further processing
[2024-03-04 13:06:56.045] [jointLog] [info] Counted 18,159,634 total reads in the equivalence classes 
[2024-03-04 13:06:56.053] [jointLog] [info] Number of mappings discarded because of alignment score : 205,043,778
[2024-03-04 13:06:56.053] [jointLog] [info] Number of fragments entirely discarded because of alignment score : 3,198,793
[2024-03-04 13:06:56.053] [jointLog] [info] Number of fragments discarded because they are best-mapped to decoys : 0
[2024-03-04 13:06:56.053] [jointLog] [info] Number of fragments discarded because they have only dovetail (discordant) mappings to valid targets : 913,233
[2024-03-04 13:06:56.053] [jointLog] [info] Mapping rate = 74.0192%

[2024-03-04 13:06:56.053] [jointLog] [info] finished quantifyLibrary()
[2024-03-04 13:06:56.054] [jointLog] [info] Starting optimizer
[2024-03-04 13:06:56.160] [jointLog] [info] Marked 0 weighted equivalence classes as degenerate
[2024-03-04 13:06:56.172] [jointLog] [info] iteration = 0 | max rel diff. = 5983.93
[2024-03-04 13:06:56.284] [jointLog] [info] iteration 11, adjusting effective lengths to account for biases
[2024-03-04 13:07:02.681] [jointLog] [info] Computed expected counts (for bias correction)
[2024-03-04 13:07:02.681] [jointLog] [info] processed bias for 0.0% of the transcripts
[2024-03-04 13:07:03.158] [jointLog] [info] processed bias for 10.0% of the transcripts
[2024-03-04 13:07:03.724] [jointLog] [info] processed bias for 20.0% of the transcripts
[2024-03-04 13:07:04.174] [jointLog] [info] processed bias for 30.0% of the transcripts
[2024-03-04 13:07:04.728] [jointLog] [info] processed bias for 40.0% of the transcripts
[2024-03-04 13:07:05.219] [jointLog] [info] processed bias for 50.0% of the transcripts
[2024-03-04 13:07:05.724] [jointLog] [info] processed bias for 60.0% of the transcripts
[2024-03-04 13:07:06.233] [jointLog] [info] processed bias for 70.0% of the transcripts
[2024-03-04 13:07:06.855] [jointLog] [info] processed bias for 80.0% of the transcripts
[2024-03-04 13:07:07.487] [jointLog] [info] processed bias for 90.0% of the transcripts
[2024-03-04 13:07:09.029] [jointLog] [info] processed bias for 100.0% of the transcripts
[2024-03-04 13:07:09.983] [jointLog] [info] iteration = 100 | max rel diff. = 10.9819
[2024-03-04 13:07:11.043] [jointLog] [info] iteration = 200 | max rel diff. = 3.56494
[2024-03-04 13:07:12.100] [jointLog] [info] iteration = 300 | max rel diff. = 0.282368
[2024-03-04 13:07:13.152] [jointLog] [info] iteration = 400 | max rel diff. = 0.0465741
[2024-03-04 13:07:14.212] [jointLog] [info] iteration = 500 | max rel diff. = 0.307702
[2024-03-04 13:07:15.268] [jointLog] [info] iteration = 600 | max rel diff. = 0.0627902
[2024-03-04 13:07:16.319] [jointLog] [info] iteration = 700 | max rel diff. = 0.0784682
[2024-03-04 13:07:17.217] [jointLog] [info] iteration = 786 | max rel diff. = 0.00765978
[2024-03-04 13:07:17.269] [jointLog] [info] Finished optimizer
[2024-03-04 13:07:17.269] [jointLog] [info] writing output 

